Log file open, 05/24/22 16:34:52
LogWindows: Failed to load 'aqProf.dll' (GetLastError=126)
LogWindows: File 'aqProf.dll' does not exist
LogWindows: Failed to load 'VtuneApi.dll' (GetLastError=126)
LogWindows: File 'VtuneApi.dll' does not exist
LogWindows: Failed to load 'VtuneApi32e.dll' (GetLastError=126)
LogWindows: File 'VtuneApi32e.dll' does not exist
LogConsoleResponse: Display: Failed to find resolution value strings in scalability ini. Falling back to default.
LogConsoleResponse: Display: Failed to find resolution value strings in scalability ini. Falling back to default.
LogInit: Display: Running engine for game: WLBDevEnv
LogPlatformFile: Not using cached read wrapper
LogTaskGraph: Started task graph with 5 named threads and 35 total threads with 3 sets of task threads.
LogStats: Stats thread started at 3.083139
LogICUInternationalization: ICU TimeZone Detection - Raw Offset: -5:00, Platform Override: ''
LogInit: Display: Loading text-based GConfig....
LogPluginManager: Mounting plugin MeshPainting
LogPluginManager: Mounting plugin XGEController
LogPluginManager: Mounting plugin Paper2D
LogPluginManager: Mounting plugin EnvironmentQueryEditor
LogPluginManager: Mounting plugin AISupport
LogPluginManager: Mounting plugin LiveLink
LogPluginManager: Mounting plugin CameraShakePreviewer
LogPluginManager: Mounting plugin GameplayCameras
LogPluginManager: Mounting plugin OodleData
LogPluginManager: Mounting plugin AnimationSharing
LogPluginManager: Mounting plugin CLionSourceCodeAccess
LogPluginManager: Mounting plugin CodeLiteSourceCodeAccess
LogPluginManager: Mounting plugin GitSourceControl
LogPluginManager: Mounting plugin KDevelopSourceCodeAccess
LogPluginManager: Mounting plugin NullSourceCodeAccess
LogPluginManager: Mounting plugin PerforceSourceControl
LogPluginManager: Mounting plugin LightPropagationVolume
LogPluginManager: Mounting plugin PixWinPlugin
LogPluginManager: Mounting plugin PlasticSourceControl
LogPluginManager: Mounting plugin PluginUtils
LogPluginManager: Mounting plugin PropertyAccessNode
LogPluginManager: Mounting plugin RiderLink
LogPluginManager: Mounting plugin RiderSourceCodeAccess
LogPluginManager: Mounting plugin SubversionSourceControl
LogPluginManager: Mounting plugin TextureFormatOodle
LogPluginManager: Mounting plugin UObjectPlugin
LogPluginManager: Mounting plugin VisualStudioCodeSourceCodeAccess
LogPluginManager: Mounting plugin VisualStudioSourceCodeAccess
LogPluginManager: Mounting plugin XCodeSourceCodeAccess
LogPluginManager: Mounting plugin AssetManagerEditor
LogPluginManager: Mounting plugin OodleNetwork
LogPluginManager: Mounting plugin CryptoKeys
LogPluginManager: Mounting plugin GameplayTagsEditor
LogPluginManager: Mounting plugin DataValidation
LogPluginManager: Mounting plugin GeometryMode
LogPluginManager: Mounting plugin CurveEditorTools
LogPluginManager: Mounting plugin FacialAnimation
LogPluginManager: Mounting plugin PluginBrowser
LogPluginManager: Mounting plugin MobileLauncherProfileWizard
LogPluginManager: Mounting plugin SpeedTreeImporter
LogPluginManager: Mounting plugin MacGraphicsSwitching
LogPluginManager: Mounting plugin LuminPlatformFeatures
LogPluginManager: Mounting plugin MagicLeap
LogPluginManager: Mounting plugin MagicLeapLightEstimation
LogPluginManager: Mounting plugin MagicLeapPassableWorld
LogPluginManager: Mounting plugin MLSDK
LogPluginManager: Mounting plugin Niagara
LogPluginManager: Mounting plugin AndroidMedia
LogPluginManager: Mounting plugin MaterialAnalyzer
LogPluginManager: Mounting plugin AvfMedia
LogPluginManager: Mounting plugin ImgMedia
LogPluginManager: Mounting plugin MediaCompositing
LogPluginManager: Mounting plugin WebMMedia
LogPluginManager: Mounting plugin MediaPlayerEditor
LogPluginManager: Mounting plugin UdpMessaging
LogPluginManager: Mounting plugin WmfMedia
LogPluginManager: Mounting plugin TcpMessaging
LogPluginManager: Mounting plugin AutomationUtils
LogPluginManager: Mounting plugin BackChannel
LogPluginManager: Mounting plugin AlembicImporter
LogPluginManager: Mounting plugin ChaosEditor
LogPluginManager: Mounting plugin ChaosClothEditor
LogPluginManager: Mounting plugin ChaosNiagara
LogPluginManager: Mounting plugin ChaosSolverPlugin
LogPluginManager: Mounting plugin CharacterAI
LogPluginManager: Mounting plugin ActorSequence
LogPluginManager: Mounting plugin LevelSequenceEditor
LogPluginManager: Mounting plugin MatineeToLevelSequence
LogPluginManager: Mounting plugin ChaosCloth
LogPluginManager: Mounting plugin MagicLeapMedia
LogPluginManager: Mounting plugin TemplateSequence
LogPluginManager: Mounting plugin LauncherChunkInstaller
LogPluginManager: Mounting plugin GeometryCache
LogPluginManager: Mounting plugin GeometryProcessing
LogPluginManager: Mounting plugin GeometryCollectionPlugin
LogPluginManager: Mounting plugin MotoSynth
LogPluginManager: Mounting plugin PlanarCut
LogPluginManager: Mounting plugin PlatformCrypto
LogPluginManager: Mounting plugin ProxyLODPlugin
LogPluginManager: Mounting plugin AndroidDeviceProfileSelector
LogPluginManager: Mounting plugin PythonScriptPlugin
LogPluginManager: Mounting plugin AndroidMoviePlayer
LogPluginManager: Mounting plugin OpenImageDenoise
LogPluginManager: Mounting plugin AndroidPermission
LogPluginManager: Mounting plugin AppleImageUtils
LogPluginManager: Mounting plugin AppleMoviePlayer
LogPluginManager: Mounting plugin AssetTags
LogPluginManager: Mounting plugin ArchVisCharacter
LogPluginManager: Mounting plugin AudioSynesthesia
LogPluginManager: Mounting plugin CableComponent
LogPluginManager: Mounting plugin AudioCapture
LogPluginManager: Mounting plugin EditableMesh
LogPluginManager: Mounting plugin ExampleDeviceProfileSelector
LogPluginManager: Mounting plugin ChunkDownloader
LogPluginManager: Mounting plugin SkeletalReduction
LogPluginManager: Mounting plugin ActorLayerUtilities
LogPluginManager: Mounting plugin CustomMeshComponent
LogPluginManager: Mounting plugin OnlineSubsystemNull
LogPluginManager: Mounting plugin OnlineSubsystem
LogPluginManager: Mounting plugin OnlineSubsystemUtils
LogPluginManager: Mounting plugin ScreenshotTools
LogPluginManager: Mounting plugin Takes
LogPluginManager: Mounting plugin IOSDeviceProfileSelector
LogPluginManager: Mounting plugin LinuxDeviceProfileSelector
LogPluginManager: Mounting plugin GooglePAD
LogPluginManager: Mounting plugin LocationServicesBPLibrary
LogPluginManager: Mounting plugin MobilePatchingUtils
LogPluginManager: Mounting plugin GoogleCloudMessaging
LogPluginManager: Mounting plugin OpenXREyeTracker
LogPluginManager: Mounting plugin OpenXR
LogPluginManager: Mounting plugin OpenXRHandTracking
LogPluginManager: Mounting plugin PhysXVehicles
LogPluginManager: Mounting plugin PostSplashScreen
LogPluginManager: Mounting plugin ProceduralMeshComponent
LogPluginManager: Mounting plugin PropertyAccessEditor
LogPluginManager: Mounting plugin SoundFields
LogPluginManager: Mounting plugin RuntimePhysXCooking
LogPluginManager: Mounting plugin Synthesis
LogPluginManager: Mounting plugin SignificanceManager
LogPluginManager: Mounting plugin WebMMoviePlayer
LogPluginManager: Mounting plugin WindowsMoviePlayer
LogPluginManager: Mounting plugin DatasmithContent
LogPluginManager: Mounting plugin VariantManagerContent
LogPluginManager: Mounting plugin ContentBrowserAssetDataSource
LogPluginManager: Mounting plugin ContentBrowserClassDataSource
LogPluginManager: Mounting plugin ContentBrowserFileDataSource
LogPluginManager: Mounting plugin OnlineSubsystemGooglePlay
LogPluginManager: Mounting plugin OnlineSubsystemIOS
LogPluginManager: Mounting plugin OculusVR
LogPluginManager: Mounting plugin SteamVR
PixWinPlugin: PIX capture plugin failed to initialize! Check that the process is launched from PIX.
LogInit: Using libcurl 7.55.1-DEV
LogInit:  - built for x86_64-pc-win32
LogInit:  - supports SSL with OpenSSL/1.1.1
LogInit:  - supports HTTP deflate (compression) using libz 1.2.8
LogInit:  - other features:
LogInit:      CURL_VERSION_SSL
LogInit:      CURL_VERSION_LIBZ
LogInit:      CURL_VERSION_IPV6
LogInit:      CURL_VERSION_ASYNCHDNS
LogInit:      CURL_VERSION_LARGEFILE
LogInit:      CURL_VERSION_IDN
LogInit:  CurlRequestOptions (configurable via config and command line):
LogInit:  - bVerifyPeer = true  - Libcurl will verify peer certificate
LogInit:  - bUseHttpProxy = false  - Libcurl will NOT use HTTP proxy
LogInit:  - bDontReuseConnections = false  - Libcurl will reuse connections
LogInit:  - MaxHostConnections = 16  - Libcurl will limit the number of connections to a host
LogInit:  - LocalHostAddr = Default
LogInit:  - BufferSize = 65536
LogOnline: OSS: Creating online subsystem instance for: NULL
LogInit: WinSock: version 1.1 (2.2), MaxSocks=32767, MaxUdp=65467
LogOnline: OSS: TryLoadSubsystemAndSetDefault: Loaded subsystem for module [NULL]
LogOculusPluginWrapper: OculusPlugin initialized successfully
LogHMD: Failed initializing OVRPlugin 1.59.0
LogInit: Build: ++UE4+Release-4.27-CL-18319896
LogInit: Engine Version: 4.27.2-18319896+++UE4+Release-4.27
LogInit: Compatible Engine Version: 4.27.0-17155196+++UE4+Release-4.27
LogInit: Net CL: 17155196
LogInit: OS: Windows 10 (Release 2009) (), CPU: Intel(R) Core(TM) i7-8700K CPU @ 3.70GHz, GPU: NVIDIA GeForce GTX 1080
LogInit: Compiled (64-bit): Nov 30 2021 07:12:08
LogInit: Compiled with Visual C++: 19.24.28315.00
LogInit: Build Configuration: Development
LogInit: Branch Name: ++UE4+Release-4.27
LogInit: Command Line: 
LogInit: Base Directory: D:/EpicGames/UE_4.27/Engine/Binaries/Win64/
LogInit: Allocator: TBB
LogInit: Installed Engine Build: 1
LogDevObjectVersion: Number of dev versions registered: 29
LogDevObjectVersion:   Dev-Blueprints (B0D832E4-1F89-4F0D-ACCF-7EB736FD4AA2): 10
LogDevObjectVersion:   Dev-Build (E1C64328-A22C-4D53-A36C-8E866417BD8C): 0
LogDevObjectVersion:   Dev-Core (375EC13C-06E4-48FB-B500-84F0262A717E): 4
LogDevObjectVersion:   Dev-Editor (E4B068ED-F494-42E9-A231-DA0B2E46BB41): 40
LogDevObjectVersion:   Dev-Framework (CFFC743F-43B0-4480-9391-14DF171D2073): 37
LogDevObjectVersion:   Dev-Mobile (B02B49B5-BB20-44E9-A304-32B752E40360): 3
LogDevObjectVersion:   Dev-Networking (A4E4105C-59A1-49B5-A7C5-40C4547EDFEE): 0
LogDevObjectVersion:   Dev-Online (39C831C9-5AE6-47DC-9A44-9C173E1C8E7C): 0
LogDevObjectVersion:   Dev-Physics (78F01B33-EBEA-4F98-B9B4-84EACCB95AA2): 14
LogDevObjectVersion:   Dev-Platform (6631380F-2D4D-43E0-8009-CF276956A95A): 0
LogDevObjectVersion:   Dev-Rendering (12F88B9F-8875-4AFC-A67C-D90C383ABD29): 45
LogDevObjectVersion:   Dev-Sequencer (7B5AE74C-D270-4C10-A958-57980B212A5A): 13
LogDevObjectVersion:   Dev-VR (D7296918-1DD6-4BDD-9DE2-64A83CC13884): 3
LogDevObjectVersion:   Dev-LoadTimes (C2A15278-BFE7-4AFE-6C17-90FF531DF755): 1
LogDevObjectVersion:   Private-Geometry (6EACA3D4-40EC-4CC1-B786-8BED09428FC5): 3
LogDevObjectVersion:   Dev-AnimPhys (29E575DD-E0A3-4627-9D10-D276232CDCEA): 17
LogDevObjectVersion:   Dev-Anim (AF43A65D-7FD3-4947-9873-3E8ED9C1BB05): 15
LogDevObjectVersion:   Dev-ReflectionCapture (6B266CEC-1EC7-4B8F-A30B-E4D90942FC07): 1
LogDevObjectVersion:   Dev-Automation (0DF73D61-A23F-47EA-B727-89E90C41499A): 1
LogDevObjectVersion:   FortniteMain (601D1886-AC64-4F84-AA16-D3DE0DEAC7D6): 47
LogDevObjectVersion:   FortniteRelease (E7086368-6B23-4C58-8439-1B7016265E91): 1
LogDevObjectVersion:   Dev-Enterprise (9DFFBCD6-494F-0158-E221-12823C92A888): 10
LogDevObjectVersion:   Dev-Niagara (F2AED0AC-9AFE-416F-8664-AA7FFA26D6FC): 1
LogDevObjectVersion:   Dev-Destruction (174F1F0B-B4C6-45A5-B13F-2EE8D0FB917D): 10
LogDevObjectVersion:   Dev-Physics-Ext (35F94A83-E258-406C-A318-09F59610247C): 41
LogDevObjectVersion:   Dev-PhysicsMaterial-Chaos (B68FC16E-8B1B-42E2-B453-215C058844FE): 1
LogDevObjectVersion:   Dev-CineCamera (B2E18506-4273-CFC2-A54E-F4BB758BBA07): 1
LogDevObjectVersion:   Dev-VirtualProduction (64F58936-FD1B-42BA-BA96-7289D5D0FA4E): 1
LogDevObjectVersion:   Dev-MediaFramework (6F0ED827-A609-4895-9C91-998D90180EA4): 2
LogInit: Presizing for max 25165824 objects, including 0 objects not considered by GC, pre-allocating 0 bytes for permanent pool.
LogConfig: Applying CVar settings from Section [/Script/Engine.StreamingSettings] File [C:/Users/reepe/Desktop/WLBRepo/WhatLiesBeneath/WLBDevEnv/Saved/Config/Windows/Engine.ini]
LogConfig: Setting CVar [[s.MinBulkDataSizeForAsyncLoading:131072]]
LogConfig: Setting CVar [[s.AsyncLoadingThreadEnabled:0]]
LogConfig: Setting CVar [[s.EventDrivenLoaderEnabled:1]]
LogConfig: Setting CVar [[s.WarnIfTimeLimitExceeded:0]]
LogConfig: Setting CVar [[s.TimeLimitExceededMultiplier:1.5]]
LogConfig: Setting CVar [[s.TimeLimitExceededMinTime:0.005]]
LogConfig: Setting CVar [[s.UseBackgroundLevelStreaming:1]]
LogConfig: Setting CVar [[s.PriorityAsyncLoadingExtraTime:15.0]]
LogConfig: Setting CVar [[s.LevelStreamingActorsUpdateTimeLimit:5.0]]
LogConfig: Setting CVar [[s.PriorityLevelStreamingActorsUpdateExtraTime:5.0]]
LogConfig: Setting CVar [[s.LevelStreamingComponentsRegistrationGranularity:10]]
LogConfig: Setting CVar [[s.UnregisterComponentsTimeLimit:1.0]]
LogConfig: Setting CVar [[s.LevelStreamingComponentsUnregistrationGranularity:5]]
LogConfig: Setting CVar [[s.FlushStreamingOnExit:1]]
LogInit: Object subsystem initialized
LogConfig: Setting CVar [[con.DebugEarlyDefault:1]]
LogConfig: Setting CVar [[r.setres:1280x720]]
[2022.05.24-20.34.54:283][  0]LogConfig: Setting CVar [[r.VSync:0]]
[2022.05.24-20.34.54:283][  0]LogConfig: Setting CVar [[r.RHICmdBypass:0]]
[2022.05.24-20.34.54:283][  0]LogConfig: Applying CVar settings from Section [/Script/Engine.RendererSettings] File [C:/Users/reepe/Desktop/WLBRepo/WhatLiesBeneath/WLBDevEnv/Saved/Config/Windows/Engine.ini]
[2022.05.24-20.34.54:283][  0]LogConfig: Setting CVar [[r.GPUCrashDebugging:0]]
[2022.05.24-20.34.54:283][  0]LogConfig: Applying CVar settings from Section [/Script/Engine.RendererOverrideSettings] File [C:/Users/reepe/Desktop/WLBRepo/WhatLiesBeneath/WLBDevEnv/Saved/Config/Windows/Engine.ini]
[2022.05.24-20.34.54:283][  0]LogConfig: Applying CVar settings from Section [/Script/Engine.StreamingSettings] File [C:/Users/reepe/Desktop/WLBRepo/WhatLiesBeneath/WLBDevEnv/Saved/Config/Windows/Engine.ini]
[2022.05.24-20.34.54:283][  0]LogConfig: Setting CVar [[s.MinBulkDataSizeForAsyncLoading:131072]]
[2022.05.24-20.34.54:283][  0]LogConfig: Setting CVar [[s.AsyncLoadingThreadEnabled:0]]
[2022.05.24-20.34.54:283][  0]LogConfig: Setting CVar [[s.EventDrivenLoaderEnabled:1]]
[2022.05.24-20.34.54:283][  0]LogConfig: Setting CVar [[s.WarnIfTimeLimitExceeded:0]]
[2022.05.24-20.34.54:283][  0]LogConfig: Setting CVar [[s.TimeLimitExceededMultiplier:1.5]]
[2022.05.24-20.34.54:283][  0]LogConfig: Setting CVar [[s.TimeLimitExceededMinTime:0.005]]
[2022.05.24-20.34.54:283][  0]LogConfig: Setting CVar [[s.UseBackgroundLevelStreaming:1]]
[2022.05.24-20.34.54:283][  0]LogConfig: Setting CVar [[s.PriorityAsyncLoadingExtraTime:15.0]]
[2022.05.24-20.34.54:283][  0]LogConfig: Setting CVar [[s.LevelStreamingActorsUpdateTimeLimit:5.0]]
[2022.05.24-20.34.54:283][  0]LogConfig: Setting CVar [[s.PriorityLevelStreamingActorsUpdateExtraTime:5.0]]
[2022.05.24-20.34.54:283][  0]LogConfig: Setting CVar [[s.LevelStreamingComponentsRegistrationGranularity:10]]
[2022.05.24-20.34.54:283][  0]LogConfig: Setting CVar [[s.UnregisterComponentsTimeLimit:1.0]]
[2022.05.24-20.34.54:283][  0]LogConfig: Setting CVar [[s.LevelStreamingComponentsUnregistrationGranularity:5]]
[2022.05.24-20.34.54:283][  0]LogConfig: Setting CVar [[s.FlushStreamingOnExit:1]]
[2022.05.24-20.34.54:283][  0]LogConfig: Applying CVar settings from Section [/Script/Engine.GarbageCollectionSettings] File [C:/Users/reepe/Desktop/WLBRepo/WhatLiesBeneath/WLBDevEnv/Saved/Config/Windows/Engine.ini]
[2022.05.24-20.34.54:283][  0]LogConfig: Setting CVar [[gc.MaxObjectsNotConsideredByGC:1]]
[2022.05.24-20.34.54:283][  0]LogConfig: Setting CVar [[gc.SizeOfPermanentObjectPool:0]]
[2022.05.24-20.34.54:283][  0]LogConfig: Setting CVar [[gc.FlushStreamingOnGC:0]]
[2022.05.24-20.34.54:283][  0]LogConfig: Setting CVar [[gc.NumRetriesBeforeForcingGC:10]]
[2022.05.24-20.34.54:283][  0]LogConfig: Setting CVar [[gc.AllowParallelGC:1]]
[2022.05.24-20.34.54:283][  0]LogConfig: Setting CVar [[gc.TimeBetweenPurgingPendingKillObjects:61.1]]
[2022.05.24-20.34.54:283][  0]LogConfig: Setting CVar [[gc.MaxObjectsInEditor:25165824]]
[2022.05.24-20.34.54:283][  0]LogConfig: Setting CVar [[gc.IncrementalBeginDestroyEnabled:1]]
[2022.05.24-20.34.54:283][  0]LogConfig: Setting CVar [[gc.CreateGCClusters:1]]
[2022.05.24-20.34.54:283][  0]LogConfig: Setting CVar [[gc.MinGCClusterSize:5]]
[2022.05.24-20.34.54:283][  0]LogConfig: Setting CVar [[gc.ActorClusteringEnabled:0]]
[2022.05.24-20.34.54:283][  0]LogConfig: Setting CVar [[gc.BlueprintClusteringEnabled:0]]
[2022.05.24-20.34.54:283][  0]LogConfig: Setting CVar [[gc.UseDisregardForGCOnDedicatedServers:0]]
[2022.05.24-20.34.54:283][  0]LogConfig: Setting CVar [[gc.MultithreadedDestructionEnabled:1]]
[2022.05.24-20.34.54:283][  0]LogConfig: Applying CVar settings from Section [/Script/Engine.NetworkSettings] File [C:/Users/reepe/Desktop/WLBRepo/WhatLiesBeneath/WLBDevEnv/Saved/Config/Windows/Engine.ini]
[2022.05.24-20.34.54:283][  0]LogConfig: Applying CVar settings from Section [/Script/UnrealEd.CookerSettings] File [C:/Users/reepe/Desktop/WLBRepo/WhatLiesBeneath/WLBDevEnv/Saved/Config/Windows/Engine.ini]
[2022.05.24-20.34.54:328][  0]LogConfig: Applying CVar settings from Section [ViewDistanceQuality@3] File [C:/Users/reepe/Desktop/WLBRepo/WhatLiesBeneath/WLBDevEnv/Saved/Config/Windows/Scalability.ini]
[2022.05.24-20.34.54:328][  0]LogConfig: Setting CVar [[r.SkeletalMeshLODBias:0]]
[2022.05.24-20.34.54:328][  0]LogConfig: Setting CVar [[r.ViewDistanceScale:1.0]]
[2022.05.24-20.34.54:328][  0]LogConfig: Applying CVar settings from Section [AntiAliasingQuality@3] File [C:/Users/reepe/Desktop/WLBRepo/WhatLiesBeneath/WLBDevEnv/Saved/Config/Windows/Scalability.ini]
[2022.05.24-20.34.54:328][  0]LogConfig: Setting CVar [[r.PostProcessAAQuality:4]]
[2022.05.24-20.34.54:328][  0]LogConfig: Applying CVar settings from Section [ShadowQuality@3] File [C:/Users/reepe/Desktop/WLBRepo/WhatLiesBeneath/WLBDevEnv/Saved/Config/Windows/Scalability.ini]
[2022.05.24-20.34.54:328][  0]LogConfig: Setting CVar [[r.LightFunctionQuality:1]]
[2022.05.24-20.34.54:328][  0]LogConfig: Setting CVar [[r.ShadowQuality:5]]
[2022.05.24-20.34.54:328][  0]LogConfig: Setting CVar [[r.Shadow.CSM.MaxCascades:10]]
[2022.05.24-20.34.54:328][  0]LogConfig: Setting CVar [[r.Shadow.MaxResolution:2048]]
[2022.05.24-20.34.54:328][  0]LogConfig: Setting CVar [[r.Shadow.MaxCSMResolution:2048]]
[2022.05.24-20.34.54:328][  0]LogConfig: Setting CVar [[r.Shadow.RadiusThreshold:0.01]]
[2022.05.24-20.34.54:328][  0]LogConfig: Setting CVar [[r.Shadow.DistanceScale:1.0]]
[2022.05.24-20.34.54:328][  0]LogConfig: Setting CVar [[r.Shadow.CSM.TransitionScale:1.0]]
[2022.05.24-20.34.54:328][  0]LogConfig: Setting CVar [[r.Shadow.PreShadowResolutionFactor:1.0]]
[2022.05.24-20.34.54:328][  0]LogConfig: Setting CVar [[r.DistanceFieldShadowing:1]]
[2022.05.24-20.34.54:328][  0]LogConfig: Setting CVar [[r.DistanceFieldAO:1]]
[2022.05.24-20.34.54:328][  0]LogConfig: Setting CVar [[r.AOQuality:2]]
[2022.05.24-20.34.54:328][  0]LogConfig: Setting CVar [[r.VolumetricFog:1]]
[2022.05.24-20.34.54:328][  0]LogConfig: Setting CVar [[r.VolumetricFog.GridPixelSize:8]]
[2022.05.24-20.34.54:328][  0]LogConfig: Setting CVar [[r.VolumetricFog.GridSizeZ:128]]
[2022.05.24-20.34.54:328][  0]LogConfig: Setting CVar [[r.VolumetricFog.HistoryMissSupersampleCount:4]]
[2022.05.24-20.34.54:328][  0]LogConfig: Setting CVar [[r.LightMaxDrawDistanceScale:1]]
[2022.05.24-20.34.54:328][  0]LogConfig: Setting CVar [[r.CapsuleShadows:1]]
[2022.05.24-20.34.54:328][  0]LogConfig: Applying CVar settings from Section [PostProcessQuality@3] File [C:/Users/reepe/Desktop/WLBRepo/WhatLiesBeneath/WLBDevEnv/Saved/Config/Windows/Scalability.ini]
[2022.05.24-20.34.54:328][  0]LogConfig: Setting CVar [[r.MotionBlurQuality:4]]
[2022.05.24-20.34.54:328][  0]LogConfig: Setting CVar [[r.AmbientOcclusionMipLevelFactor:0.4]]
[2022.05.24-20.34.54:328][  0]LogConfig: Setting CVar [[r.AmbientOcclusionMaxQuality:100]]
[2022.05.24-20.34.54:328][  0]LogConfig: Setting CVar [[r.AmbientOcclusionLevels:-1]]
[2022.05.24-20.34.54:328][  0]LogConfig: Setting CVar [[r.AmbientOcclusionRadiusScale:1.0]]
[2022.05.24-20.34.54:328][  0]LogConfig: Setting CVar [[r.DepthOfFieldQuality:2]]
[2022.05.24-20.34.54:328][  0]LogConfig: Setting CVar [[r.RenderTargetPoolMin:400]]
[2022.05.24-20.34.54:328][  0]LogConfig: Setting CVar [[r.LensFlareQuality:2]]
[2022.05.24-20.34.54:328][  0]LogConfig: Setting CVar [[r.SceneColorFringeQuality:1]]
[2022.05.24-20.34.54:328][  0]LogConfig: Setting CVar [[r.EyeAdaptationQuality:2]]
[2022.05.24-20.34.54:328][  0]LogConfig: Setting CVar [[r.BloomQuality:5]]
[2022.05.24-20.34.54:328][  0]LogConfig: Setting CVar [[r.FastBlurThreshold:100]]
[2022.05.24-20.34.54:329][  0]LogConfig: Setting CVar [[r.Upscale.Quality:3]]
[2022.05.24-20.34.54:329][  0]LogConfig: Setting CVar [[r.Tonemapper.GrainQuantization:1]]
[2022.05.24-20.34.54:329][  0]LogConfig: Setting CVar [[r.LightShaftQuality:1]]
[2022.05.24-20.34.54:329][  0]LogConfig: Setting CVar [[r.Filter.SizeScale:1]]
[2022.05.24-20.34.54:329][  0]LogConfig: Setting CVar [[r.Tonemapper.Quality:5]]
[2022.05.24-20.34.54:329][  0]LogConfig: Setting CVar [[r.DOF.Gather.AccumulatorQuality:1        ; higher gathering accumulator quality]]
[2022.05.24-20.34.54:329][  0]LogConfig: Setting CVar [[r.DOF.Gather.PostfilterMethod:1          ; Median3x3 postfilering method]]
[2022.05.24-20.34.54:329][  0]LogConfig: Setting CVar [[r.DOF.Gather.EnableBokehSettings:0       ; no bokeh simulation when gathering]]
[2022.05.24-20.34.54:329][  0]LogConfig: Setting CVar [[r.DOF.Gather.RingCount:4                 ; medium number of samples when gathering]]
[2022.05.24-20.34.54:329][  0]LogConfig: Setting CVar [[r.DOF.Scatter.ForegroundCompositing:1    ; additive foreground scattering]]
[2022.05.24-20.34.54:329][  0]LogConfig: Setting CVar [[r.DOF.Scatter.BackgroundCompositing:2    ; additive background scattering]]
[2022.05.24-20.34.54:329][  0]LogConfig: Setting CVar [[r.DOF.Scatter.EnableBokehSettings:1      ; bokeh simulation when scattering]]
[2022.05.24-20.34.54:329][  0]LogConfig: Setting CVar [[r.DOF.Scatter.MaxSpriteRatio:0.1         ; only a maximum of 10% of scattered bokeh]]
[2022.05.24-20.34.54:329][  0]LogConfig: Setting CVar [[r.DOF.Recombine.Quality:1                ; cheap slight out of focus]]
[2022.05.24-20.34.54:329][  0]LogConfig: Setting CVar [[r.DOF.Recombine.EnableBokehSettings:0    ; no bokeh simulation on slight out of focus]]
[2022.05.24-20.34.54:329][  0]LogConfig: Setting CVar [[r.DOF.TemporalAAQuality:1                ; more stable temporal accumulation]]
[2022.05.24-20.34.54:329][  0]LogConfig: Setting CVar [[r.DOF.Kernel.MaxForegroundRadius:0.025]]
[2022.05.24-20.34.54:329][  0]LogConfig: Setting CVar [[r.DOF.Kernel.MaxBackgroundRadius:0.025]]
[2022.05.24-20.34.54:329][  0]LogConfig: Applying CVar settings from Section [TextureQuality@3] File [C:/Users/reepe/Desktop/WLBRepo/WhatLiesBeneath/WLBDevEnv/Saved/Config/Windows/Scalability.ini]
[2022.05.24-20.34.54:329][  0]LogConfig: Setting CVar [[r.Streaming.MipBias:0]]
[2022.05.24-20.34.54:329][  0]LogConfig: Setting CVar [[r.Streaming.AmortizeCPUToGPUCopy:0]]
[2022.05.24-20.34.54:329][  0]LogConfig: Setting CVar [[r.Streaming.MaxNumTexturesToStreamPerFrame:0]]
[2022.05.24-20.34.54:329][  0]LogConfig: Setting CVar [[r.Streaming.Boost:1]]
[2022.05.24-20.34.54:329][  0]LogConfig: Setting CVar [[r.MaxAnisotropy:8]]
[2022.05.24-20.34.54:329][  0]LogConfig: Setting CVar [[r.VT.MaxAnisotropy:8]]
[2022.05.24-20.34.54:329][  0]LogConfig: Setting CVar [[r.Streaming.LimitPoolSizeToVRAM:0]]
[2022.05.24-20.34.54:329][  0]LogConfig: Setting CVar [[r.Streaming.PoolSize:1000]]
[2022.05.24-20.34.54:329][  0]LogConfig: Setting CVar [[r.Streaming.MaxEffectiveScreenSize:0]]
[2022.05.24-20.34.54:329][  0]LogConfig: Applying CVar settings from Section [EffectsQuality@3] File [C:/Users/reepe/Desktop/WLBRepo/WhatLiesBeneath/WLBDevEnv/Saved/Config/Windows/Scalability.ini]
[2022.05.24-20.34.54:329][  0]LogConfig: Setting CVar [[r.TranslucencyLightingVolumeDim:64]]
[2022.05.24-20.34.54:329][  0]LogConfig: Setting CVar [[r.RefractionQuality:2]]
[2022.05.24-20.34.54:329][  0]LogConfig: Setting CVar [[r.SSR.Quality:3]]
[2022.05.24-20.34.54:329][  0]LogConfig: Setting CVar [[r.SSR.HalfResSceneColor:0]]
[2022.05.24-20.34.54:329][  0]LogConfig: Setting CVar [[r.SceneColorFormat:4]]
[2022.05.24-20.34.54:329][  0]LogConfig: Setting CVar [[r.DetailMode:2]]
[2022.05.24-20.34.54:329][  0]LogConfig: Setting CVar [[r.TranslucencyVolumeBlur:1]]
[2022.05.24-20.34.54:329][  0]LogConfig: Setting CVar [[r.MaterialQualityLevel:1 ; High quality]]
[2022.05.24-20.34.54:329][  0]LogConfig: Setting CVar [[r.AnisotropicMaterials:1]]
[2022.05.24-20.34.54:329][  0]LogConfig: Setting CVar [[r.SSS.Scale:1]]
[2022.05.24-20.34.54:329][  0]LogConfig: Setting CVar [[r.SSS.SampleSet:2]]
[2022.05.24-20.34.54:329][  0]LogConfig: Setting CVar [[r.SSS.Quality:1]]
[2022.05.24-20.34.54:329][  0]LogConfig: Setting CVar [[r.SSS.HalfRes:0]]
[2022.05.24-20.34.54:329][  0]LogConfig: Setting CVar [[r.SSGI.Quality:3]]
[2022.05.24-20.34.54:329][  0]LogConfig: Setting CVar [[r.EmitterSpawnRateScale:1.0]]
[2022.05.24-20.34.54:329][  0]LogConfig: Setting CVar [[r.ParticleLightQuality:2]]
[2022.05.24-20.34.54:329][  0]LogConfig: Setting CVar [[r.SkyAtmosphere.AerialPerspectiveLUT.FastApplyOnOpaque:1 ; Always have FastSkyLUT 1 in this case to avoid wrong sky]]
[2022.05.24-20.34.54:329][  0]LogConfig: Setting CVar [[r.SkyAtmosphere.AerialPerspectiveLUT.SampleCountMaxPerSlice:4]]
[2022.05.24-20.34.54:329][  0]LogConfig: Setting CVar [[r.SkyAtmosphere.AerialPerspectiveLUT.DepthResolution:16.0]]
[2022.05.24-20.34.54:329][  0]LogConfig: Setting CVar [[r.SkyAtmosphere.FastSkyLUT:1]]
[2022.05.24-20.34.54:329][  0]LogConfig: Setting CVar [[r.SkyAtmosphere.FastSkyLUT.SampleCountMin:4.0]]
[2022.05.24-20.34.54:329][  0]LogConfig: Setting CVar [[r.SkyAtmosphere.FastSkyLUT.SampleCountMax:128.0]]
[2022.05.24-20.34.54:329][  0]LogConfig: Setting CVar [[r.SkyAtmosphere.SampleCountMin:4.0]]
[2022.05.24-20.34.54:329][  0]LogConfig: Setting CVar [[r.SkyAtmosphere.SampleCountMax:128.0]]
[2022.05.24-20.34.54:329][  0]LogConfig: Setting CVar [[r.SkyAtmosphere.TransmittanceLUT.UseSmallFormat:0]]
[2022.05.24-20.34.54:329][  0]LogConfig: Setting CVar [[r.SkyAtmosphere.TransmittanceLUT.SampleCount:10.0]]
[2022.05.24-20.34.54:329][  0]LogConfig: Setting CVar [[r.SkyAtmosphere.MultiScatteringLUT.SampleCount:15.0]]
[2022.05.24-20.34.54:329][  0]LogConfig: Setting CVar [[r.SkyLight.RealTimeReflectionCapture:1]]
[2022.05.24-20.34.54:329][  0]LogConfig: Applying CVar settings from Section [FoliageQuality@3] File [C:/Users/reepe/Desktop/WLBRepo/WhatLiesBeneath/WLBDevEnv/Saved/Config/Windows/Scalability.ini]
[2022.05.24-20.34.54:329][  0]LogConfig: Setting CVar [[foliage.DensityScale:1.0]]
[2022.05.24-20.34.54:329][  0]LogConfig: Setting CVar [[grass.DensityScale:1.0]]
[2022.05.24-20.34.54:329][  0]LogConfig: Applying CVar settings from Section [ShadingQuality@3] File [C:/Users/reepe/Desktop/WLBRepo/WhatLiesBeneath/WLBDevEnv/Saved/Config/Windows/Scalability.ini]
[2022.05.24-20.34.54:329][  0]LogConfig: Setting CVar [[r.HairStrands.SkyLighting.IntegrationType:2]]
[2022.05.24-20.34.54:329][  0]LogConfig: Setting CVar [[r.HairStrands.SkyAO.SampleCount:4]]
[2022.05.24-20.34.54:329][  0]LogConfig: Setting CVar [[r.HairStrands.Visibility.MSAA.SamplePerPixel:4]]
[2022.05.24-20.34.54:329][  0]LogInit: Selected Device Profile: [Windows]
[2022.05.24-20.34.54:329][  0]LogInit: Applying CVar settings loaded from the selected device profile: [Windows]
[2022.05.24-20.34.54:329][  0]LogHAL: Display: Platform has ~ 16 GB [17135939584 / 17179869184 / 16], which maps to Larger [LargestMinGB=32, LargerMinGB=12, DefaultMinGB=8, SmallerMinGB=6, SmallestMinGB=0)
[2022.05.24-20.34.54:330][  0]LogInit: Going up to parent DeviceProfile []
[2022.05.24-20.34.54:330][  0]LogConfig: Applying CVar settings from Section [ViewDistanceQuality@3] File [C:/Users/reepe/Desktop/WLBRepo/WhatLiesBeneath/WLBDevEnv/Saved/Config/Windows/Scalability.ini]
[2022.05.24-20.34.54:330][  0]LogConfig: Setting CVar [[r.SkeletalMeshLODBias:0]]
[2022.05.24-20.34.54:330][  0]LogConfig: Setting CVar [[r.ViewDistanceScale:1.0]]
[2022.05.24-20.34.54:330][  0]LogConfig: Applying CVar settings from Section [AntiAliasingQuality@3] File [C:/Users/reepe/Desktop/WLBRepo/WhatLiesBeneath/WLBDevEnv/Saved/Config/Windows/Scalability.ini]
[2022.05.24-20.34.54:330][  0]LogConfig: Setting CVar [[r.PostProcessAAQuality:4]]
[2022.05.24-20.34.54:330][  0]LogConfig: Applying CVar settings from Section [ShadowQuality@3] File [C:/Users/reepe/Desktop/WLBRepo/WhatLiesBeneath/WLBDevEnv/Saved/Config/Windows/Scalability.ini]
[2022.05.24-20.34.54:330][  0]LogConfig: Setting CVar [[r.LightFunctionQuality:1]]
[2022.05.24-20.34.54:330][  0]LogConfig: Setting CVar [[r.ShadowQuality:5]]
[2022.05.24-20.34.54:330][  0]LogConfig: Setting CVar [[r.Shadow.CSM.MaxCascades:10]]
[2022.05.24-20.34.54:330][  0]LogConfig: Setting CVar [[r.Shadow.MaxResolution:2048]]
[2022.05.24-20.34.54:330][  0]LogConfig: Setting CVar [[r.Shadow.MaxCSMResolution:2048]]
[2022.05.24-20.34.54:330][  0]LogConfig: Setting CVar [[r.Shadow.RadiusThreshold:0.01]]
[2022.05.24-20.34.54:330][  0]LogConfig: Setting CVar [[r.Shadow.DistanceScale:1.0]]
[2022.05.24-20.34.54:330][  0]LogConfig: Setting CVar [[r.Shadow.CSM.TransitionScale:1.0]]
[2022.05.24-20.34.54:330][  0]LogConfig: Setting CVar [[r.Shadow.PreShadowResolutionFactor:1.0]]
[2022.05.24-20.34.54:330][  0]LogConfig: Setting CVar [[r.DistanceFieldShadowing:1]]
[2022.05.24-20.34.54:330][  0]LogConfig: Setting CVar [[r.DistanceFieldAO:1]]
[2022.05.24-20.34.54:330][  0]LogConfig: Setting CVar [[r.AOQuality:2]]
[2022.05.24-20.34.54:330][  0]LogConfig: Setting CVar [[r.VolumetricFog:1]]
[2022.05.24-20.34.54:330][  0]LogConfig: Setting CVar [[r.VolumetricFog.GridPixelSize:8]]
[2022.05.24-20.34.54:330][  0]LogConfig: Setting CVar [[r.VolumetricFog.GridSizeZ:128]]
[2022.05.24-20.34.54:330][  0]LogConfig: Setting CVar [[r.VolumetricFog.HistoryMissSupersampleCount:4]]
[2022.05.24-20.34.54:330][  0]LogConfig: Setting CVar [[r.LightMaxDrawDistanceScale:1]]
[2022.05.24-20.34.54:330][  0]LogConfig: Setting CVar [[r.CapsuleShadows:1]]
[2022.05.24-20.34.54:330][  0]LogConfig: Applying CVar settings from Section [PostProcessQuality@3] File [C:/Users/reepe/Desktop/WLBRepo/WhatLiesBeneath/WLBDevEnv/Saved/Config/Windows/Scalability.ini]
[2022.05.24-20.34.54:330][  0]LogConfig: Setting CVar [[r.MotionBlurQuality:4]]
[2022.05.24-20.34.54:330][  0]LogConfig: Setting CVar [[r.AmbientOcclusionMipLevelFactor:0.4]]
[2022.05.24-20.34.54:330][  0]LogConfig: Setting CVar [[r.AmbientOcclusionMaxQuality:100]]
[2022.05.24-20.34.54:330][  0]LogConfig: Setting CVar [[r.AmbientOcclusionLevels:-1]]
[2022.05.24-20.34.54:330][  0]LogConfig: Setting CVar [[r.AmbientOcclusionRadiusScale:1.0]]
[2022.05.24-20.34.54:330][  0]LogConfig: Setting CVar [[r.DepthOfFieldQuality:2]]
[2022.05.24-20.34.54:330][  0]LogConfig: Setting CVar [[r.RenderTargetPoolMin:400]]
[2022.05.24-20.34.54:330][  0]LogConfig: Setting CVar [[r.LensFlareQuality:2]]
[2022.05.24-20.34.54:330][  0]LogConfig: Setting CVar [[r.SceneColorFringeQuality:1]]
[2022.05.24-20.34.54:330][  0]LogConfig: Setting CVar [[r.EyeAdaptationQuality:2]]
[2022.05.24-20.34.54:330][  0]LogConfig: Setting CVar [[r.BloomQuality:5]]
[2022.05.24-20.34.54:330][  0]LogConfig: Setting CVar [[r.FastBlurThreshold:100]]
[2022.05.24-20.34.54:330][  0]LogConfig: Setting CVar [[r.Upscale.Quality:3]]
[2022.05.24-20.34.54:330][  0]LogConfig: Setting CVar [[r.Tonemapper.GrainQuantization:1]]
[2022.05.24-20.34.54:330][  0]LogConfig: Setting CVar [[r.LightShaftQuality:1]]
[2022.05.24-20.34.54:330][  0]LogConfig: Setting CVar [[r.Filter.SizeScale:1]]
[2022.05.24-20.34.54:330][  0]LogConfig: Setting CVar [[r.Tonemapper.Quality:5]]
[2022.05.24-20.34.54:330][  0]LogConfig: Setting CVar [[r.DOF.Gather.AccumulatorQuality:1        ; higher gathering accumulator quality]]
[2022.05.24-20.34.54:330][  0]LogConfig: Setting CVar [[r.DOF.Gather.PostfilterMethod:1          ; Median3x3 postfilering method]]
[2022.05.24-20.34.54:330][  0]LogConfig: Setting CVar [[r.DOF.Gather.EnableBokehSettings:0       ; no bokeh simulation when gathering]]
[2022.05.24-20.34.54:330][  0]LogConfig: Setting CVar [[r.DOF.Gather.RingCount:4                 ; medium number of samples when gathering]]
[2022.05.24-20.34.54:330][  0]LogConfig: Setting CVar [[r.DOF.Scatter.ForegroundCompositing:1    ; additive foreground scattering]]
[2022.05.24-20.34.54:330][  0]LogConfig: Setting CVar [[r.DOF.Scatter.BackgroundCompositing:2    ; additive background scattering]]
[2022.05.24-20.34.54:330][  0]LogConfig: Setting CVar [[r.DOF.Scatter.EnableBokehSettings:1      ; bokeh simulation when scattering]]
[2022.05.24-20.34.54:330][  0]LogConfig: Setting CVar [[r.DOF.Scatter.MaxSpriteRatio:0.1         ; only a maximum of 10% of scattered bokeh]]
[2022.05.24-20.34.54:330][  0]LogConfig: Setting CVar [[r.DOF.Recombine.Quality:1                ; cheap slight out of focus]]
[2022.05.24-20.34.54:330][  0]LogConfig: Setting CVar [[r.DOF.Recombine.EnableBokehSettings:0    ; no bokeh simulation on slight out of focus]]
[2022.05.24-20.34.54:330][  0]LogConfig: Setting CVar [[r.DOF.TemporalAAQuality:1                ; more stable temporal accumulation]]
[2022.05.24-20.34.54:330][  0]LogConfig: Setting CVar [[r.DOF.Kernel.MaxForegroundRadius:0.025]]
[2022.05.24-20.34.54:330][  0]LogConfig: Setting CVar [[r.DOF.Kernel.MaxBackgroundRadius:0.025]]
[2022.05.24-20.34.54:330][  0]LogConfig: Applying CVar settings from Section [TextureQuality@3] File [C:/Users/reepe/Desktop/WLBRepo/WhatLiesBeneath/WLBDevEnv/Saved/Config/Windows/Scalability.ini]
[2022.05.24-20.34.54:330][  0]LogConfig: Setting CVar [[r.Streaming.MipBias:0]]
[2022.05.24-20.34.54:330][  0]LogConfig: Setting CVar [[r.Streaming.AmortizeCPUToGPUCopy:0]]
[2022.05.24-20.34.54:330][  0]LogConfig: Setting CVar [[r.Streaming.MaxNumTexturesToStreamPerFrame:0]]
[2022.05.24-20.34.54:330][  0]LogConfig: Setting CVar [[r.Streaming.Boost:1]]
[2022.05.24-20.34.54:330][  0]LogConfig: Setting CVar [[r.MaxAnisotropy:8]]
[2022.05.24-20.34.54:330][  0]LogConfig: Setting CVar [[r.VT.MaxAnisotropy:8]]
[2022.05.24-20.34.54:330][  0]LogConfig: Setting CVar [[r.Streaming.LimitPoolSizeToVRAM:0]]
[2022.05.24-20.34.54:330][  0]LogConfig: Setting CVar [[r.Streaming.PoolSize:1000]]
[2022.05.24-20.34.54:330][  0]LogConfig: Setting CVar [[r.Streaming.MaxEffectiveScreenSize:0]]
[2022.05.24-20.34.54:330][  0]LogConfig: Applying CVar settings from Section [EffectsQuality@3] File [C:/Users/reepe/Desktop/WLBRepo/WhatLiesBeneath/WLBDevEnv/Saved/Config/Windows/Scalability.ini]
[2022.05.24-20.34.54:330][  0]LogConfig: Setting CVar [[r.TranslucencyLightingVolumeDim:64]]
[2022.05.24-20.34.54:331][  0]LogConfig: Setting CVar [[r.RefractionQuality:2]]
[2022.05.24-20.34.54:331][  0]LogConfig: Setting CVar [[r.SSR.Quality:3]]
[2022.05.24-20.34.54:331][  0]LogConfig: Setting CVar [[r.SSR.HalfResSceneColor:0]]
[2022.05.24-20.34.54:331][  0]LogConfig: Setting CVar [[r.SceneColorFormat:4]]
[2022.05.24-20.34.54:331][  0]LogConfig: Setting CVar [[r.DetailMode:2]]
[2022.05.24-20.34.54:331][  0]LogConfig: Setting CVar [[r.TranslucencyVolumeBlur:1]]
[2022.05.24-20.34.54:331][  0]LogConfig: Setting CVar [[r.MaterialQualityLevel:1 ; High quality]]
[2022.05.24-20.34.54:331][  0]LogConfig: Setting CVar [[r.AnisotropicMaterials:1]]
[2022.05.24-20.34.54:331][  0]LogConfig: Setting CVar [[r.SSS.Scale:1]]
[2022.05.24-20.34.54:331][  0]LogConfig: Setting CVar [[r.SSS.SampleSet:2]]
[2022.05.24-20.34.54:331][  0]LogConfig: Setting CVar [[r.SSS.Quality:1]]
[2022.05.24-20.34.54:331][  0]LogConfig: Setting CVar [[r.SSS.HalfRes:0]]
[2022.05.24-20.34.54:331][  0]LogConfig: Setting CVar [[r.SSGI.Quality:3]]
[2022.05.24-20.34.54:331][  0]LogConfig: Setting CVar [[r.EmitterSpawnRateScale:1.0]]
[2022.05.24-20.34.54:331][  0]LogConfig: Setting CVar [[r.ParticleLightQuality:2]]
[2022.05.24-20.34.54:331][  0]LogConfig: Setting CVar [[r.SkyAtmosphere.AerialPerspectiveLUT.FastApplyOnOpaque:1 ; Always have FastSkyLUT 1 in this case to avoid wrong sky]]
[2022.05.24-20.34.54:331][  0]LogConfig: Setting CVar [[r.SkyAtmosphere.AerialPerspectiveLUT.SampleCountMaxPerSlice:4]]
[2022.05.24-20.34.54:331][  0]LogConfig: Setting CVar [[r.SkyAtmosphere.AerialPerspectiveLUT.DepthResolution:16.0]]
[2022.05.24-20.34.54:331][  0]LogConfig: Setting CVar [[r.SkyAtmosphere.FastSkyLUT:1]]
[2022.05.24-20.34.54:331][  0]LogConfig: Setting CVar [[r.SkyAtmosphere.FastSkyLUT.SampleCountMin:4.0]]
[2022.05.24-20.34.54:331][  0]LogConfig: Setting CVar [[r.SkyAtmosphere.FastSkyLUT.SampleCountMax:128.0]]
[2022.05.24-20.34.54:331][  0]LogConfig: Setting CVar [[r.SkyAtmosphere.SampleCountMin:4.0]]
[2022.05.24-20.34.54:331][  0]LogConfig: Setting CVar [[r.SkyAtmosphere.SampleCountMax:128.0]]
[2022.05.24-20.34.54:331][  0]LogConfig: Setting CVar [[r.SkyAtmosphere.TransmittanceLUT.UseSmallFormat:0]]
[2022.05.24-20.34.54:331][  0]LogConfig: Setting CVar [[r.SkyAtmosphere.TransmittanceLUT.SampleCount:10.0]]
[2022.05.24-20.34.54:331][  0]LogConfig: Setting CVar [[r.SkyAtmosphere.MultiScatteringLUT.SampleCount:15.0]]
[2022.05.24-20.34.54:331][  0]LogConfig: Setting CVar [[r.SkyLight.RealTimeReflectionCapture:1]]
[2022.05.24-20.34.54:331][  0]LogConfig: Applying CVar settings from Section [FoliageQuality@3] File [C:/Users/reepe/Desktop/WLBRepo/WhatLiesBeneath/WLBDevEnv/Saved/Config/Windows/Scalability.ini]
[2022.05.24-20.34.54:331][  0]LogConfig: Setting CVar [[foliage.DensityScale:1.0]]
[2022.05.24-20.34.54:331][  0]LogConfig: Setting CVar [[grass.DensityScale:1.0]]
[2022.05.24-20.34.54:331][  0]LogConfig: Applying CVar settings from Section [ShadingQuality@3] File [C:/Users/reepe/Desktop/WLBRepo/WhatLiesBeneath/WLBDevEnv/Saved/Config/Windows/Scalability.ini]
[2022.05.24-20.34.54:331][  0]LogConfig: Setting CVar [[r.HairStrands.SkyLighting.IntegrationType:2]]
[2022.05.24-20.34.54:331][  0]LogConfig: Setting CVar [[r.HairStrands.SkyAO.SampleCount:4]]
[2022.05.24-20.34.54:331][  0]LogConfig: Setting CVar [[r.HairStrands.Visibility.MSAA.SamplePerPixel:4]]
[2022.05.24-20.34.54:331][  0]LogConfig: Applying CVar settings from Section [Startup] File [../../../Engine/Config/ConsoleVariables.ini]
[2022.05.24-20.34.54:331][  0]LogConfig: Setting CVar [[net.UseAdaptiveNetUpdateFrequency:0]]
[2022.05.24-20.34.54:331][  0]LogConfig: Setting CVar [[p.chaos.AllowCreatePhysxBodies:1]]
[2022.05.24-20.34.54:331][  0]LogConfig: Setting CVar [[fx.SkipVectorVMBackendOptimizations:1]]
[2022.05.24-20.34.54:331][  0]LogConfig: Applying CVar settings from Section [ConsoleVariables] File [C:/Users/reepe/Desktop/WLBRepo/WhatLiesBeneath/WLBDevEnv/Saved/Config/Windows/Engine.ini]
[2022.05.24-20.34.54:331][  0]LogConfig: Applying CVar settings from Section [ConsoleVariables] File [C:/Users/reepe/Desktop/WLBRepo/WhatLiesBeneath/WLBDevEnv/Saved/Config/Windows/Editor.ini]
[2022.05.24-20.34.54:337][  0]LogInit: Computer: DESKTOP-R5CIVV2
[2022.05.24-20.34.54:337][  0]LogInit: User: reepe
[2022.05.24-20.34.54:337][  0]LogInit: CPU Page size=4096, Cores=6
[2022.05.24-20.34.54:337][  0]LogInit: High frequency timer resolution =10.000000 MHz
[2022.05.24-20.34.54:337][  0]LogMemory: Memory total: Physical=16.0GB (16GB approx)
[2022.05.24-20.34.54:337][  0]LogMemory: Platform Memory Stats for Windows
[2022.05.24-20.34.54:337][  0]LogMemory: Process Physical Memory: 145.41 MB used, 145.41 MB peak
[2022.05.24-20.34.54:337][  0]LogMemory: Process Virtual Memory: 127.96 MB used, 127.96 MB peak
[2022.05.24-20.34.54:337][  0]LogMemory: Physical Memory: 9229.84 MB used,  7112.27 MB free, 16342.11 MB total
[2022.05.24-20.34.54:337][  0]LogMemory: Virtual Memory: 134212568.00 MB used,  5157.38 MB free, 134217728.00 MB total
[2022.05.24-20.34.54:343][  0]LogWindows: WindowsPlatformFeatures enabled
[2022.05.24-20.34.54:786][  0]LogInit: Physics initialised using underlying interface: PhysX
[2022.05.24-20.34.54:806][  0]LogInit: Using OS detected language (en-US).
[2022.05.24-20.34.54:807][  0]LogInit: Using OS detected locale (en-US).
[2022.05.24-20.34.54:844][  0]LogTextLocalizationManager: No specific localization for 'en-US' exists, so the 'en' localization will be used.
[2022.05.24-20.34.55:323][  0]LogInit: Setting process to per monitor DPI aware
[2022.05.24-20.34.55:427][  0]LogWindowsTextInputMethodSystem: Display: IME system deactivated.
[2022.05.24-20.34.55:605][  0]LogSlate: New Slate User Created.  User Index 0, Is Virtual User: 0
[2022.05.24-20.34.55:605][  0]LogSlate: Slate User Registered.  User Index 0, Is Virtual User: 0
[2022.05.24-20.34.57:713][  0]LogD3D11RHI: Loaded GFSDK_Aftermath_Lib.x64.dll
[2022.05.24-20.34.57:737][  0]LogHMD: Failed to initialize OpenVR with code 110
[2022.05.24-20.34.57:738][  0]LogD3D11RHI: D3D11 min allowed feature level: 11_0
[2022.05.24-20.34.57:738][  0]LogD3D11RHI: D3D11 max allowed feature level: 11_0
[2022.05.24-20.34.57:738][  0]LogD3D11RHI: D3D11 adapters:
[2022.05.24-20.34.57:898][  0]LogD3D11RHI:    0. 'NVIDIA GeForce GTX 1080' (Feature Level 11_0)
[2022.05.24-20.34.57:898][  0]LogD3D11RHI:       8079/0/8171 MB DedicatedVideo/DedicatedSystem/SharedSystem, Outputs:1, VendorId:0x10de
[2022.05.24-20.34.57:899][  0]LogD3D11RHI:    1. 'Microsoft Basic Render Driver' (Feature Level 11_0)
[2022.05.24-20.34.57:899][  0]LogD3D11RHI:       0/0/8171 MB DedicatedVideo/DedicatedSystem/SharedSystem, Outputs:0, VendorId:0x1414
[2022.05.24-20.34.57:900][  0]LogD3D11RHI: Chosen D3D11 Adapter:
[2022.05.24-20.34.57:900][  0]LogD3D11RHI:     Description : NVIDIA GeForce GTX 1080
[2022.05.24-20.34.57:900][  0]LogD3D11RHI:     VendorId    : 10de
[2022.05.24-20.34.57:900][  0]LogD3D11RHI:     DeviceId    : 1b80
[2022.05.24-20.34.57:900][  0]LogD3D11RHI:     SubSysId    : 33621462
[2022.05.24-20.34.57:900][  0]LogD3D11RHI:     Revision    : 00a1
[2022.05.24-20.34.57:900][  0]LogD3D11RHI:     DedicatedVideoMemory : 8471445504 bytes
[2022.05.24-20.34.57:900][  0]LogD3D11RHI:     DedicatedSystemMemory : 0 bytes
[2022.05.24-20.34.57:900][  0]LogD3D11RHI:     SharedSystemMemory : 8567969792 bytes
[2022.05.24-20.34.57:900][  0]LogD3D11RHI:     AdapterLuid : 0 46036
[2022.05.24-20.34.57:905][  0]LogD3D11RHI: Creating new Direct3DDevice
[2022.05.24-20.34.57:905][  0]LogD3D11RHI:     GPU DeviceId: 0x1b80 (for the marketing name, search the web for "GPU Device Id")
[2022.05.24-20.34.57:905][  0]LogWindows: EnumDisplayDevices:
[2022.05.24-20.34.57:905][  0]LogWindows:    0. 'NVIDIA GeForce GTX 1080' (P:1 D:1)
[2022.05.24-20.34.57:905][  0]LogWindows:    1. 'NVIDIA GeForce GTX 1080' (P:0 D:0)
[2022.05.24-20.34.57:905][  0]LogWindows:    2. 'NVIDIA GeForce GTX 1080' (P:0 D:0)
[2022.05.24-20.34.57:906][  0]LogWindows:    3. 'NVIDIA GeForce GTX 1080' (P:0 D:0)
[2022.05.24-20.34.57:906][  0]LogWindows: DebugString: FoundDriverCount:4 
[2022.05.24-20.34.57:906][  0]LogD3D11RHI:     Adapter Name: NVIDIA GeForce GTX 1080
[2022.05.24-20.34.57:906][  0]LogD3D11RHI:   Driver Version: 512.15 (internal:30.0.15.1215, unified:512.15)
[2022.05.24-20.34.57:906][  0]LogD3D11RHI:      Driver Date: 3-17-2022
[2022.05.24-20.34.57:906][  0]LogRHI: Texture pool is 5655 MB (70% of 8079 MB)
[2022.05.24-20.34.57:906][  0]LogD3D11RHI: Creating D3DDevice using adapter:
[2022.05.24-20.34.57:906][  0]LogD3D11RHI:     Description : NVIDIA GeForce GTX 1080
[2022.05.24-20.34.57:906][  0]LogD3D11RHI:     VendorId    : 10de
[2022.05.24-20.34.57:906][  0]LogD3D11RHI:     DeviceId    : 1b80
[2022.05.24-20.34.57:906][  0]LogD3D11RHI:     SubSysId    : 33621462
[2022.05.24-20.34.57:906][  0]LogD3D11RHI:     Revision    : 00a1
[2022.05.24-20.34.57:906][  0]LogD3D11RHI:     DedicatedVideoMemory : 8471445504 bytes
[2022.05.24-20.34.57:906][  0]LogD3D11RHI:     DedicatedSystemMemory : 0 bytes
[2022.05.24-20.34.57:906][  0]LogD3D11RHI:     SharedSystemMemory : 8567969792 bytes
[2022.05.24-20.34.57:906][  0]LogD3D11RHI:     AdapterLuid : 0 46036
[2022.05.24-20.34.57:954][  0]LogD3D11RHI: RHI has support for 64 bit atomics
[2022.05.24-20.34.57:954][  0]LogD3D11RHI: Async texture creation enabled
[2022.05.24-20.34.57:954][  0]LogD3D11RHI: Array index from any shader is supported
[2022.05.24-20.34.58:143][  0]LogD3D11RHI: GPU Timing Frequency: 1000.000000 (Debug: 2 1)
[2022.05.24-20.34.58:259][  0]LogRHI: GeForceNow SDK initialized: 1
[2022.05.24-20.34.58:863][  0]LogTargetPlatformManager: Display: Loaded TargetPlatform 'AllDesktop'
[2022.05.24-20.34.58:893][  0]LogTargetPlatformManager: Display: Loaded TargetPlatform 'Android'
[2022.05.24-20.34.58:893][  0]LogTargetPlatformManager: Display: Loaded TargetPlatform 'Android_ASTC'
[2022.05.24-20.34.58:893][  0]LogTargetPlatformManager: Display: Loaded TargetPlatform 'Android_DXT'
[2022.05.24-20.34.58:893][  0]LogTargetPlatformManager: Display: Loaded TargetPlatform 'Android_ETC2'
[2022.05.24-20.34.58:893][  0]LogTargetPlatformManager: Display: Loaded TargetPlatform 'AndroidClient'
[2022.05.24-20.34.58:893][  0]LogTargetPlatformManager: Display: Loaded TargetPlatform 'Android_ASTCClient'
[2022.05.24-20.34.58:894][  0]LogTargetPlatformManager: Display: Loaded TargetPlatform 'Android_DXTClient'
[2022.05.24-20.34.58:894][  0]LogTargetPlatformManager: Display: Loaded TargetPlatform 'Android_ETC2Client'
[2022.05.24-20.34.58:894][  0]LogTargetPlatformManager: Display: Loaded TargetPlatform 'Android_Multi'
[2022.05.24-20.34.58:894][  0]LogTargetPlatformManager: Display: Loaded TargetPlatform 'Android_MultiClient'
[2022.05.24-20.34.58:938][  0]LogTargetPlatformManager: Display: Loaded TargetPlatform 'IOSClient'
[2022.05.24-20.34.58:938][  0]LogTargetPlatformManager: Display: Loaded TargetPlatform 'IOS'
[2022.05.24-20.34.58:969][  0]LogTargetPlatformManager: Display: Loaded TargetPlatform 'Linux'
[2022.05.24-20.34.58:984][  0]LogTargetPlatformManager: Display: Loaded TargetPlatform 'LinuxNoEditor'
[2022.05.24-20.34.58:993][  0]LogTargetPlatformManager: Display: Loaded TargetPlatform 'LinuxClient'
[2022.05.24-20.34.59:006][  0]LogTargetPlatformManager: Display: Loaded TargetPlatform 'LinuxServer'
[2022.05.24-20.34.59:020][  0]LogTargetPlatformManager: Display: Loaded TargetPlatform 'LinuxAArch64NoEditor'
[2022.05.24-20.34.59:024][  0]LogTargetPlatformManager: Display: Loaded TargetPlatform 'LinuxAArch64Client'
[2022.05.24-20.34.59:035][  0]LogTargetPlatformManager: Display: Loaded TargetPlatform 'LinuxAArch64Server'
[2022.05.24-20.34.59:060][  0]LogTargetPlatformManager: Display: Loaded TargetPlatform 'Lumin'
[2022.05.24-20.34.59:060][  0]LogTargetPlatformManager: Display: Loaded TargetPlatform 'LuminClient'
[2022.05.24-20.34.59:083][  0]LogTargetPlatformManager: Display: Loaded TargetPlatform 'MacNoEditor'
[2022.05.24-20.34.59:106][  0]LogTargetPlatformManager: Display: Loaded TargetPlatform 'Mac'
[2022.05.24-20.34.59:108][  0]LogTargetPlatformManager: Display: Loaded TargetPlatform 'MacClient'
[2022.05.24-20.34.59:110][  0]LogTargetPlatformManager: Display: Loaded TargetPlatform 'MacServer'
[2022.05.24-20.34.59:120][  0]LogTargetPlatformManager: Display: Loaded TargetPlatform 'TVOSClient'
[2022.05.24-20.34.59:120][  0]LogTargetPlatformManager: Display: Loaded TargetPlatform 'TVOS'
[2022.05.24-20.34.59:155][  0]LogTargetPlatformManager: Display: Loaded TargetPlatform 'WindowsNoEditor'
[2022.05.24-20.34.59:157][  0]LogTargetPlatformManager: Display: Loaded TargetPlatform 'Windows'
[2022.05.24-20.34.59:161][  0]LogTargetPlatformManager: Display: Loaded TargetPlatform 'WindowsClient'
[2022.05.24-20.34.59:173][  0]LogTargetPlatformManager: Display: Loaded TargetPlatform 'WindowsServer'
[2022.05.24-20.34.59:173][  0]LogTargetPlatformManager: Display: Building Assets For Windows
[2022.05.24-20.34.59:319][  0]LogAudioDebug: Display: Lib vorbis DLL was dynamically loaded.
[2022.05.24-20.34.59:603][  0]LogTextureFormatOodle: Display: Oodle Texture 2.9.0 init RDO Off
[2022.05.24-20.35.00:004][  0]LogRendererCore: Ray tracing is disabled. Reason: r.RayTracing=0.
[2022.05.24-20.35.00:016][  0]LogShaderCompilers: Guid format shader working directory is -11 characters bigger than the processId version (C:/Users/reepe/Desktop/WLBRepo/WhatLiesBeneath/WLBDevEnv/Intermediate/Shaders/WorkingDirectory/16452/).
[2022.05.24-20.35.00:016][  0]LogShaderCompilers: Cleaned the shader compiler working directory 'C:/Users/reepe/AppData/Local/Temp/UnrealShaderWorkingDir/C8BDCA194A1866F31CACF6A3D4F71091/'.
[2022.05.24-20.35.00:017][  0]LogXGEController: Cannot use XGE Controller as Incredibuild is not installed on this machine.
[2022.05.24-20.35.00:017][  0]LogShaderCompilers: Cannot use XGE Shader Compiler as Incredibuild is not installed on this machine.
[2022.05.24-20.35.00:017][  0]LogShaderCompilers: Display: Using Local Shader Compiler.
[2022.05.24-20.35.02:467][  0]LogDerivedDataCache: Display: Max Cache Size: 512 MB
[2022.05.24-20.35.02:717][  0]LogDerivedDataCache: Loaded boot cache 0.24s 99MB C:/Users/reepe/AppData/Local/UnrealEngine/4.27/DerivedDataCache/Boot.ddc.
[2022.05.24-20.35.02:717][  0]LogDerivedDataCache: Display: Loaded Boot cache: C:/Users/reepe/AppData/Local/UnrealEngine/4.27/DerivedDataCache/Boot.ddc
[2022.05.24-20.35.02:717][  0]LogDerivedDataCache: FDerivedDataBackendGraph:  Pak pak cache file C:/Users/reepe/Desktop/WLBRepo/WhatLiesBeneath/WLBDevEnv/DerivedDataCache/DDC.ddp not found, will not use a pak cache.
[2022.05.24-20.35.02:717][  0]LogDerivedDataCache: Unable to find inner node Pak for hierarchical cache Hierarchy.
[2022.05.24-20.35.02:717][  0]LogDerivedDataCache: FDerivedDataBackendGraph:  CompressedPak pak cache file C:/Users/reepe/Desktop/WLBRepo/WhatLiesBeneath/WLBDevEnv/DerivedDataCache/Compressed.ddp not found, will not use a pak cache.
[2022.05.24-20.35.02:717][  0]LogDerivedDataCache: Unable to find inner node CompressedPak for hierarchical cache Hierarchy.
[2022.05.24-20.35.02:763][  0]LogDerivedDataCache: Display: Pak cache opened for reading ../../../Engine/DerivedDataCache/Compressed.ddp.
[2022.05.24-20.35.02:763][  0]LogDerivedDataCache: FDerivedDataBackendGraph:  EnterprisePak pak cache file ../../../Enterprise/DerivedDataCache/Compressed.ddp not found, will not use a pak cache.
[2022.05.24-20.35.02:763][  0]LogDerivedDataCache: Unable to find inner node EnterprisePak for hierarchical cache Hierarchy.
[2022.05.24-20.35.02:778][  0]LogDerivedDataCache: Speed tests for C:/Users/reepe/AppData/Local/UnrealEngine/Common/DerivedDataCache took 0.02 seconds
[2022.05.24-20.35.02:778][  0]LogDerivedDataCache: Display: Performance to C:/Users/reepe/AppData/Local/UnrealEngine/Common/DerivedDataCache: Latency=0.24ms. RandomReadSpeed=168.36MBs, RandomWriteSpeed=140.08MBs. Assigned SpeedClass 'Local'
[2022.05.24-20.35.02:779][  0]LogDerivedDataCache: Using Local data cache path C:/Users/reepe/AppData/Local/UnrealEngine/Common/DerivedDataCache: Writable
[2022.05.24-20.35.02:779][  0]LogDerivedDataCache: Shared data cache path not found in *engine.ini, will not use an Shared cache.
[2022.05.24-20.35.02:779][  0]LogDerivedDataCache: Unable to find inner node Shared for hierarchical cache Hierarchy.
[2022.05.24-20.35.02:853][  0]LogSlate: Using FreeType 2.10.0
[2022.05.24-20.35.02:908][  0]LogSlate: SlateFontServices - WITH_FREETYPE: 1, WITH_HARFBUZZ: 1
[2022.05.24-20.35.03:266][  0]LogAssetRegistry: FAssetRegistry took 0.0021 seconds to start up
[2022.05.24-20.35.05:454][  0]LogInit: Selected Device Profile: [Windows]
[2022.05.24-20.35.05:454][  0]LogInit: Active device profile: [000001E61F0D7A00][000001E61EB2D080 49] Windows
[2022.05.24-20.35.05:454][  0]LogInit: Profiles: [000001E61F0D7A00][000001E61EB2D080 49] Windows, [000001E61F0E0800][000001E61FE11200 49] WindowsNoEditor, [000001E61F0D4800][000001E61FE15380 49] WindowsServer, [000001E61F0E2F00][000001E61FE19500 49] WindowsClient, [000001E61F0D6F00][000001E61FE1D680 49] IOS, [000001E61F0E1300][000001E61FE21800 49] iPadAir, [000001E61F0D5200][000001E61FE25980 49] iPadAir2, [000001E61F08FB00][000001E61FE2C0C0 49] IPadPro, [000001E61F08FC00][000001E61FE28100 49] iPadAir3, [000001E61F0D7000][000001E61FE30280 49] iPadAir4, [000001E61F08CD00][000001E61FE34400 49] iPadMini2, [000001E61F0D7100][000001E61FE38580 49] iPadMini3, [000001E61F08EA00][000001E61FE3C700 49] iPadMini4, [000001E61F0D5300][000001E61FE0C840 49] iPadMini5, [000001E61F0D3400][000001E61FE44A80 49] iPhone6, [000001E61F0D3500][000001E61FE40AC0 49] iPodTouch6, [000001E61F08E100][000001E61FE50D80 49] iPhone7, [000001E61F08E200][000001E61FE4CDC0 49] iPodTouch7, [000001E61F0D0C00][000001E61FE54F40 49] iPhone5S, [000001E61F08EB00][000001E61FE590C0 49] iPhone6Plus, [000001E61F0D2B00][000001E61FE5D240 49] iPhone6S, [000001E61F08D900][000001E61FE613C0 49] iPhone6SPlus, [000001E61F0D3F00][000001E61FE65540 49] iPhone7Plus, [000001E61F08DF00][000001E61FE696C0 49] iPhoneSE, [000001E61F0D0D00][000001E61FE6D840 49] iPhone8, [000001E61F08DB00][000001E61FE719C0 49] iPhone8Plus, [000001E61F0D2900][000001E61FE75B40 49] iPhoneX, [000001E61F08E300][000001E61FE78140 49] iPhoneXS, [000001E61F0D0500][000001E61FE7C2C0 49] iPhoneXSMax, [000001E61F08E600][000001E61FE80440 49] iPhoneXR, [000001E61F0D2F00][000001E61FE845C0 49] iPhone11, [000001E61F08CA00][000001E61FE88740 49] iPhone11Pro, [000001E61F0D2400][000001E61FE8C8C0 49] iPhone11ProMax, [000001E61F08C100][000001E61FE48A00 49] iPhoneSE2, [000001E61F0D0B00][000001E61FE90B40 49] iPhone12Mini, [000001E61F08D700][000001E61FE94C80 49] iPhone12, [000001E61F0D0800][000001E61FE98DC0 49] iPhone12Pro, [000001E61F08D100][000001E61FEA0F40 49] iPhone12ProMax, [000001E61F0D0900][000001E61FEA50C0 49] iPadPro105, [000001E61F08F600][000001E61FEA9240 49] iPadPro129, [000001E61F0D1100][000001E61FEAD3C0 49] iPadPro97, [000001E61F08ED00][000001E61FEB1540 49] iPadPro2_129, [000001E61F0D2300][000001E61FEB56C0 49] iPad5, [000001E61F08E500][000001E61FEB9840 49] iPad6, [000001E61F0D1A00][000001E61FEBD9C0 49] iPad7, [000001E61F08F400][000001E61FEC1B40 49] iPad8, [000001E61F0D3700][000001E61FEC4140 49] iPadPro11, [000001E61F08E400][000001E61FEC82C0 49] iPadPro2_11, [000001E61F0D0200][000001E61FECC440 49] iPadPro3_129, [000001E61F08E900][000001E61FED05C0 49] iPadPro4_129, [000001E61F0D3300][000001E61FED4740 49] AppleTV, [000001E61F08F500][000001E61FED88C0 49] AppleTV4K, [000001E61F0D2000][000001E61FEDCA40 49] TVOS, [000001E61F08D800][000001E61FE9CB80 49] Mac, [000001E61F0D1F00][000001E61FEE0CC0 49] MacClient, [000001E61F08E000][000001E61FEE4E00 49] MacNoEditor, [000001E61F0D2E00][000001E61FEE8F40 49] MacServer, [000001E61F08CB00][000001E61FEF10C0 49] Linux, [000001E61F0D2C00][000001E61FEF5240 49] LinuxAArch64, [000001E61F08E700][000001E61FEF93C0 49] LinuxNoEditor, [000001E61F0E2700][000001E61FEFD540 49] LinuxAArch64NoEditor, [000001E61F159400][000001E61FF016C0 49] LinuxClient, [000001E61F0E2500][000001E61FF05840 49] LinuxAArch64Client, [000001E61F15AF00][000001E61FF099C0 49] LinuxServer, [000001E61F0E1A00][000001E61FF0DB40 49] LinuxAArch64Server, [000001E61F158900][000001E61FF10140 49] Android, [000001E61F0E0A00][000001E61FF142C0 49] Android_Low, [000001E61F159F00][000001E61FF18440 49] Android_Mid, [000001E61F0E2A00][000001E61FF1C5C0 49] Android_High, [000001E61F15A300][000001E61FF20740 49] Android_Default, [000001E61F0E3100][000001E61FF248C0 49] Android_Adreno4xx, [000001E61F15A200][000001E61FF28A40 49] Android_Adreno5xx_Low, [000001E61F0E3C00][000001E61FF2CBC0 49] Android_Adreno5xx, [000001E61F159A00][000001E61FF30D40 49] Android_Adreno6xx, [000001E61F0E0200][000001E61FEECE80 49] Android_Adreno6xx_Vulkan, [000001E61F159600][000001E61FF34FC0 49] Android_Mali_T6xx, [000001E61F0E2400][000001E61FF39100 49] Android_Mali_T7xx, [000001E61F159000][000001E61FF51280 49] Android_Mali_T8xx, [000001E61F0E0100][000001E61FF55400 49] Android_Mali_G71, [000001E61F159100][000001E61FF59580 49] Android_Mali_G72, [000001E61F0E1800][000001E61FF5D700 49] Android_Mali_G72_Vulkan, [000001E61F158500][000001E61FF61880 49] Android_Mali_G76, [000001E61F0E0300][000001E61FF65A00 49] Android_Mali_G76_Vulkan, [000001E61F15A900][000001E61FF69B80 49] Android_Mali_G77, [000001E61F08EF00][000001E61FF6C180 49] Android_Mali_G77_Vulkan, [000001E61F15AC00][000001E61FF70300 49] Android_Mali_G78, [000001E61F08C700][000001E61FF74480 49] Android_Mali_G78_Vulkan, [000001E61F158600][000001E61FF78600 49] Android_Mali_G710, [000001E61F08F100][000001E61FF7C780 49] Android_Mali_G710_Vulkan, [000001E61F15A700][000001E61FF80900 49] Android_Vulkan_SM5, [000001E61F08C400][000001E61FF84A80 49] Android_PowerVR_G6xxx, [000001E61F159D00][000001E61FF88C00 49] Android_PowerVR_GT7xxx, [000001E61F08D200][000001E61FF8CD80 49] Android_PowerVR_GE8xxx, [000001E61F158B00][000001E61FF90F00 49] Android_PowerVR_GM9xxx, [000001E61F08F200][000001E61FF3D040 49] Android_PowerVR_GM9xxx_Vulkan, [000001E61F159900][000001E61FF95180 49] Android_TegraK1, [000001E61F08F300][000001E61FF992C0 49] Android_Unknown_Vulkan, [000001E61F15A500][000001E61FFA1440 49] Lumin, [000001E61F08D000][000001E61FFA55C0 49] Lumin_Desktop, [000001E61F158A00][000001E61FFA9740 49] HoloLens, 
[2022.05.24-20.35.06:458][  0]LogMeshReduction: Using QuadricMeshReduction for automatic static mesh reduction
[2022.05.24-20.35.06:458][  0]LogMeshReduction: Using SimplygonMeshReduction for automatic skeletal mesh reduction
[2022.05.24-20.35.06:458][  0]LogMeshReduction: Using ProxyLODMeshReduction for automatic mesh merging
[2022.05.24-20.35.06:458][  0]LogMeshReduction: No distributed automatic mesh merging module available
[2022.05.24-20.35.06:458][  0]LogMeshMerging: No distributed automatic mesh merging module available
[2022.05.24-20.35.06:688][  0]LogNetVersion: WLBDevEnv 1.0.0, NetCL: 17155196, EngineNetVer: 17, GameNetVer: 0 (Checksum: 1491937545)
[2022.05.24-20.35.12:499][  0]LogTexture: Default maximum texture size for cubemaps generated from long-lat sources has been changed from 512 to unlimited. In order to preserve old behaiour for '/Engine/MapTemplates/Sky/DaylightAmbientCubemap.DaylightAmbientCubemap', its maximum texture size has been explicitly set to 512.
[2022.05.24-20.35.12:854][  0]LogHMD: PokeAHoleMaterial loaded successfully
[2022.05.24-20.35.12:876][  0]LogUObjectArray: 17178 objects as part of root set at end of initial load.
[2022.05.24-20.35.12:876][  0]LogUObjectAllocator: 4302048 out of 0 bytes used by permanent object pool.
[2022.05.24-20.35.12:876][  0]LogUObjectArray: CloseDisregardForGC: 0/0 objects in disregard for GC pool
[2022.05.24-20.35.16:196][  0]LogNiagaraDebuggerClient: Niagara Debugger Client Initialized | Session: EF61AA1D48CCE588AC914787657B684D | Instance: 391815704963FC537C705896A0FAB68F (DESKTOP-R5CIVV2-16452).
[2022.05.24-20.35.16:354][  0]LogUdpMessaging: Initializing bridge on interface 0.0.0.0:0 to multicast group 230.0.0.1:6666.
[2022.05.24-20.35.16:370][  0]LogTcpMessaging: Initializing TcpMessaging bridge
[2022.05.24-20.35.16:416][  0]LogPython: Using Python 3.7.7
[2022.05.24-20.35.17:791][  0]LogLinker: Warning: [AssetLog] C:\Users\reepe\Desktop\WLBRepo\WhatLiesBeneath\WLBDevEnv\Content\FirstPersonCPP\Blueprints\FirstPersonCharacter.uasset: Failed to load '/Game/FirstPerson/Audio/FirstPersonTemplateWeaponFire02': Can't find file.
[2022.05.24-20.35.17:791][  0]LogLinker: Warning: [AssetLog] C:\Users\reepe\Desktop\WLBRepo\WhatLiesBeneath\WLBDevEnv\Content\FirstPersonCPP\Blueprints\FirstPersonCharacter.uasset: Failed to load '/Game/FirstPerson/Audio/FirstPersonTemplateWeaponFire02': Can't find file.
[2022.05.24-20.35.17:875][  0]LogLinker: Warning: [AssetLog] C:\Users\reepe\Desktop\WLBRepo\WhatLiesBeneath\WLBDevEnv\Content\FirstPersonCPP\Blueprints\FirstPersonCharacter.uasset: Failed to load '/Game/FirstPerson/Audio/FirstPersonTemplateWeaponFire02': Can't find file.
[2022.05.24-20.35.17:875][  0]LogLinker: Warning: Failed to load '/Game/FirstPerson/Audio/FirstPersonTemplateWeaponFire02': Can't find file.
[2022.05.24-20.35.17:876][  0]LogLinker: Warning: Failed to load '/Game/FirstPerson/Audio/FirstPersonTemplateWeaponFire02': Can't find file.
[2022.05.24-20.35.18:649][  0]SourceControl: Source control is disabled
[2022.05.24-20.35.18:655][  0]SourceControl: Source control is disabled
[2022.05.24-20.35.18:780][  0]SourceControl: Source control is disabled
[2022.05.24-20.35.18:882][  0]SourceControl: Source control is disabled
[2022.05.24-20.35.19:034][  0]SourceControl: Source control is disabled
[2022.05.24-20.35.19:073][  0]LogUProjectInfo: Found projects:
[2022.05.24-20.35.20:097][  0]LogOpenImageDenoise: OIDN starting up
[2022.05.24-20.35.20:123][  0]LogAndroidPermission: UAndroidPermissionCallbackProxy::GetInstance
[2022.05.24-20.35.20:256][  0]LogAudioCaptureCore: Display: No Audio Capture implementations found. Audio input will be silent.
[2022.05.24-20.35.20:257][  0]LogAudioCaptureCore: Display: No Audio Capture implementations found. Audio input will be silent.
[2022.05.24-20.35.21:150][  0]LogCollectionManager: Loaded 0 collections in 0.000976 seconds
[2022.05.24-20.35.21:227][  0]LogFileCache: Scanning file cache for directory 'C:/Users/reepe/Desktop/WLBRepo/WhatLiesBeneath/WLBDevEnv/Saved/Collections/' took 0.00s
[2022.05.24-20.35.21:228][  0]LogFileCache: Scanning file cache for directory 'C:/Users/reepe/Desktop/WLBRepo/WhatLiesBeneath/WLBDevEnv/Content/Developers/reepe/Collections/' took 0.00s
[2022.05.24-20.35.21:228][  0]LogFileCache: Scanning file cache for directory 'C:/Users/reepe/Desktop/WLBRepo/WhatLiesBeneath/WLBDevEnv/Content/Collections/' took 0.00s
[2022.05.24-20.35.21:228][  0]LogOcInput: OculusInput pre-init called
[2022.05.24-20.35.22:038][  0]LogEngine: Initializing Engine...
[2022.05.24-20.35.22:122][  0]LogHMD: Failed to enumerate extensions. Please check that you have a valid OpenXR runtime installed.
[2022.05.24-20.35.22:122][  0]LogHMD: Failed to initialize OpenVR with code 110
[2022.05.24-20.35.22:123][  0]LogMagicLeap: Warning: VR disabled because ZI is not enabled.  To enable, in the editor, Edit -> Project Settings -> Plugins -> Magic Leap Plugin -> Enable Zero Iteration
[2022.05.24-20.35.22:137][  0]LogStats: UGameplayTagsManager::InitializeManager -  0.013 s
[2022.05.24-20.35.22:706][  0]LogInit: Initializing FReadOnlyCVARCache
[2022.05.24-20.35.22:773][  0]LogAIModule: Creating AISystem for world Untitled
[2022.05.24-20.35.22:773][  0]LogAudio: Display: Initializing Audio Device Manager...
[2022.05.24-20.35.22:793][  0]LogAudio: Display: Loading Default Audio Settings Objects...
[2022.05.24-20.35.22:794][  0]LogAudio: Display: No default SoundConcurrencyObject specified (or failed to load).
[2022.05.24-20.35.22:814][  0]LogAudio: Display: Audio Device Manager Initialized
[2022.05.24-20.35.22:814][  0]LogAudio: Display: Creating Audio Device:                 Id: 1, Scope: Shared, Realtime: True
[2022.05.24-20.35.22:814][  0]LogAudioMixer: Display: Audio Mixer Platform Settings:
[2022.05.24-20.35.22:814][  0]LogAudioMixer: Display: 	Sample Rate:						  48000
[2022.05.24-20.35.22:814][  0]LogAudioMixer: Display: 	Callback Buffer Frame Size Requested: 1024
[2022.05.24-20.35.22:814][  0]LogAudioMixer: Display: 	Callback Buffer Frame Size To Use:	  1024
[2022.05.24-20.35.22:814][  0]LogAudioMixer: Display: 	Number of buffers to queue:			  2
[2022.05.24-20.35.22:814][  0]LogAudioMixer: Display: 	Max Channels (voices):				  32
[2022.05.24-20.35.22:814][  0]LogAudioMixer: Display: 	Number of Async Source Workers:		  0
[2022.05.24-20.35.22:814][  0]LogAudio: Display: AudioDevice MaxSources: 32
[2022.05.24-20.35.22:814][  0]LogAudio: Display: Audio Spatialization Plugin: None (built-in).
[2022.05.24-20.35.22:814][  0]LogAudio: Display: Audio Reverb Plugin: None (built-in).
[2022.05.24-20.35.22:814][  0]LogAudio: Display: Audio Occlusion Plugin: None (built-in).
[2022.05.24-20.35.22:814][  0]LogAudioMixer: Display: Initializing audio mixer.
[2022.05.24-20.35.22:886][  0]LogAudioMixer: Display: 0: FrontLeft
[2022.05.24-20.35.22:886][  0]LogAudioMixer: Display: 1: FrontRight
[2022.05.24-20.35.22:908][  0]LogAudioMixer: Display: Using Audio Device Speakers (2- USB Audio Device)
[2022.05.24-20.35.22:912][  0]LogAudioMixer: Display: Initializing Sound Submixes...
[2022.05.24-20.35.22:930][  0]LogAudioMixer: Display: Creating Master Submix 'MasterSubmixDefault'
[2022.05.24-20.35.22:930][  0]LogAudioMixer: Display: Creating Master Submix 'MasterReverbSubmixDefault'
[2022.05.24-20.35.22:931][  0]LogAudioMixer: Display: Creating Master Submix 'MasterEQSubmixDefault'
[2022.05.24-20.35.22:931][  0]LogAudioMixer: FMixerPlatformXAudio2::StartAudioStream() called
[2022.05.24-20.35.22:931][  0]LogAudioMixer: Display: Output buffers initialized: Frames=1024, Channels=2, Samples=2048
[2022.05.24-20.35.22:931][  0]LogAudioMixer: Display: Starting AudioMixerPlatformInterface::RunInternal()
[2022.05.24-20.35.22:932][  0]LogAudioMixer: Display: FMixerPlatformXAudio2::SubmitBuffer() called for the first time
[2022.05.24-20.35.22:932][  0]LogInit: FAudioDevice initialized.
[2022.05.24-20.35.22:937][  0]LogAudio: Display: Audio Device (ID: 1) registered with world 'Untitled'.
[2022.05.24-20.35.22:937][  0]LogNetVersion: Set ProjectVersion to 1.0.0.0. Version Checksum will be recalculated on next use.
[2022.05.24-20.35.23:007][  0]LogDerivedDataCache: Saved boot cache 0.07s 99MB C:/Users/reepe/AppData/Local/UnrealEngine/4.27/DerivedDataCache/Boot.ddc.
[2022.05.24-20.35.23:009][  0]LogInit: Texture streaming: Enabled
[2022.05.24-20.35.23:017][  0]LogAnalytics: Display: [UEEditor.Rocket.Release] APIServer = https://datarouter.ol.epicgames.com/. AppVersion = 4.27.2-18319896+++UE4+Release-4.27
[2022.05.24-20.35.23:033][  0]LogEngineSessionManager: EngineSessionManager initialized
[2022.05.24-20.35.23:033][  0]LogEditorSessionSummary: Verbose: Initializing EditorSessionSummaryWriter for editor session tracking
[2022.05.24-20.35.23:035][  0]LogEditorSessionSummary: EditorSessionSummaryWriter initialized
[2022.05.24-20.35.23:169][  0]LogInit: Transaction tracking system initialized
[2022.05.24-20.35.23:531][  0]BlueprintLog: New page: Editor Load
[2022.05.24-20.35.24:063][  0]LocalizationService: Localization service is disabled
[2022.05.24-20.35.24:256][  0]TimingProfiler: Initialize
[2022.05.24-20.35.24:256][  0]TimingProfiler: OnSessionChanged
[2022.05.24-20.35.24:256][  0]LoadingProfiler: Initialize
[2022.05.24-20.35.24:256][  0]LoadingProfiler: OnSessionChanged
[2022.05.24-20.35.24:256][  0]NetworkingProfiler: Initialize
[2022.05.24-20.35.24:262][  0]NetworkingProfiler: OnSessionChanged
[2022.05.24-20.35.24:262][  0]MemoryProfiler: Initialize
[2022.05.24-20.35.24:262][  0]MemoryProfiler: OnSessionChanged
[2022.05.24-20.35.25:915][  0]LogFileCache: Scanning file cache for directory 'C:/Users/reepe/Desktop/WLBRepo/WhatLiesBeneath/WLBDevEnv/Content/' took 0.00s
[2022.05.24-20.35.25:915][  0]LogCook: Display: CookSettings for Memory: MemoryMaxUsedVirtual 0MiB, MemoryMaxUsedPhysical 16384MiB, MemoryMinFreeVirtual 0MiB, MemoryMinFreePhysical 1024MiB
[2022.05.24-20.35.25:915][  0]LogCook: Display: Mobile HDR setting 1
[2022.05.24-20.35.27:589][  0]LogInit: Display: Engine is initialized. Leaving FEngineLoop::Init()
[2022.05.24-20.35.27:632][  0]SourceControl: Source control is disabled
[2022.05.24-20.35.27:780][  0]LogSlate: Took 0.015989 seconds to synchronously load lazily loaded font '../../../Engine/Content/Slate/Fonts/Roboto-Regular.ttf' (155K)
[2022.05.24-20.35.55:810][  0]LogSlate: Window 'Restore Packages' being destroyed
[2022.05.24-20.35.55:811][  0]LogWindowsTextInputMethodSystem: Display: IME system deactivated.
[2022.05.24-20.35.55:816][  0]LogUnrealEdMisc: Loading editor; pre map load, took 67.927
[2022.05.24-20.35.55:816][  0]Cmd: MAP LOAD FILE="C:/Users/reepe/Desktop/WLBRepo/WhatLiesBeneath/WLBDevEnv/Content/FirstPersonCPP/Maps/FirstPersonExampleMap.umap" TEMPLATE=0 SHOWPROGRESS=1 FEATURELEVEL=3
[2022.05.24-20.35.55:817][  0]LightingResults: New page: Lighting Build
[2022.05.24-20.35.55:818][  0]LogWorld: UWorld::CleanupWorld for Untitled, bSessionEnded=true, bCleanupResources=true
[2022.05.24-20.35.55:818][  0]LogSlate: InvalidateAllWidgets triggered.  All widgets were invalidated
[2022.05.24-20.35.55:818][  0]MapCheck: New page: Map Check
[2022.05.24-20.35.55:818][  0]LightingResults: New page: Lighting Build
[2022.05.24-20.35.55:823][  0]LogAudio: Display: Audio Device unregistered from world 'None'.
[2022.05.24-20.35.55:825][  0]LogUObjectHash: Compacting FUObjectHashTables data took   0.86ms
[2022.05.24-20.35.55:878][  0]LogAudio: Display: Audio Device (ID: 1) registered with world 'FirstPersonExampleMap'.
[2022.05.24-20.35.55:879][  0]LogAIModule: Creating AISystem for world FirstPersonExampleMap
[2022.05.24-20.35.55:886][  0]LogEditorServer: Finished looking for orphan Actors (0.000 secs)
[2022.05.24-20.35.55:894][  0]LogUObjectHash: Compacting FUObjectHashTables data took   0.64ms
[2022.05.24-20.35.55:894][  0]Cmd: MAP CHECKDEP NOCLEARLOG
[2022.05.24-20.35.55:894][  0]MapCheck: Map check complete: 0 Error(s), 0 Warning(s), took 0.113ms to complete.
[2022.05.24-20.35.55:894][  0]LogFileHelpers: Loading map 'FirstPersonExampleMap' took 0.078
[2022.05.24-20.35.55:896][  0]LogUnrealEdMisc: Total Editor Startup Time, took 68.008
[2022.05.24-20.35.55:920][  0]LogWindowsTextInputMethodSystem: Display: IME system deactivated.
[2022.05.24-20.35.55:965][  0]LogSlate: Updating window title bar state: overlay mode, drag disabled, window buttons hidden, title bar hidden
[2022.05.24-20.35.55:970][  0]LogSlate: Updating window title bar state: overlay mode, drag disabled, window buttons hidden, title bar hidden
[2022.05.24-20.35.55:975][  0]LogSlate: Updating window title bar state: overlay mode, drag disabled, window buttons hidden, title bar hidden
[2022.05.24-20.35.55:980][  0]LogSlate: Updating window title bar state: overlay mode, drag disabled, window buttons hidden, title bar hidden
[2022.05.24-20.35.55:991][  0]LogNativeClassHierarchy: Verbose: Native class hierarchy populated in 0.0076 seconds. Added 3826 classes and 930 folders.
[2022.05.24-20.35.55:994][  0]LogNativeClassHierarchy: Verbose: Native class hierarchy updated for 'WidgetCarousel' in 0.0002 seconds. Added 0 classes and 0 folders.
[2022.05.24-20.35.55:995][  0]LogPakFile: PakFile PrimaryIndexSize=187
[2022.05.24-20.35.55:995][  0]LogPakFile: PakFile PathHashIndexSize=101
[2022.05.24-20.35.55:995][  0]LogPakFile: PakFile FullDirectoryIndexSize=148
[2022.05.24-20.35.55:995][  0]LogShaderLibrary: Display: ShaderCodeLibraryPakFileMountedCallback: PakFile 'D:/EpicGames/UE_4.27/FeaturePacks/FP_FirstPerson.upack' (chunk index -1, root 'root:/') mounted
[2022.05.24-20.35.55:995][  0]LogShaderLibrary: Display: ShaderCodeLibraryPakFileMountedCallback: pending pak file info (ChunkID:-1 Root:root:/ File:D:/EpicGames/UE_4.27/FeaturePacks/FP_FirstPerson.upack)
[2022.05.24-20.35.55:995][  0]LogPakFile: OnPakFileMounted2Time == 0.000081
[2022.05.24-20.35.55:996][  0]LogPakFile: PakFile PrimaryIndexSize=189
[2022.05.24-20.35.55:996][  0]LogPakFile: PakFile PathHashIndexSize=101
[2022.05.24-20.35.55:996][  0]LogPakFile: PakFile FullDirectoryIndexSize=152
[2022.05.24-20.35.55:996][  0]LogShaderLibrary: Display: ShaderCodeLibraryPakFileMountedCallback: PakFile 'D:/EpicGames/UE_4.27/FeaturePacks/FP_FirstPersonBP.upack' (chunk index -1, root 'root:/') mounted
[2022.05.24-20.35.55:996][  0]LogShaderLibrary: Display: ShaderCodeLibraryPakFileMountedCallback: pending pak file info (ChunkID:-1 Root:root:/ File:D:/EpicGames/UE_4.27/FeaturePacks/FP_FirstPersonBP.upack)
[2022.05.24-20.35.55:996][  0]LogPakFile: OnPakFileMounted2Time == 0.000039
[2022.05.24-20.35.55:996][  0]LogPakFile: PakFile PrimaryIndexSize=191
[2022.05.24-20.35.55:996][  0]LogPakFile: PakFile PathHashIndexSize=101
[2022.05.24-20.35.55:996][  0]LogPakFile: PakFile FullDirectoryIndexSize=160
[2022.05.24-20.35.55:996][  0]LogShaderLibrary: Display: ShaderCodeLibraryPakFileMountedCallback: PakFile 'D:/EpicGames/UE_4.27/FeaturePacks/MobileStarterContent.upack' (chunk index -1, root 'root:/') mounted
[2022.05.24-20.35.55:996][  0]LogShaderLibrary: Display: ShaderCodeLibraryPakFileMountedCallback: pending pak file info (ChunkID:-1 Root:root:/ File:D:/EpicGames/UE_4.27/FeaturePacks/MobileStarterContent.upack)
[2022.05.24-20.35.55:996][  0]LogPakFile: OnPakFileMounted2Time == 0.000035
[2022.05.24-20.35.55:996][  0]LogPakFile: PakFile PrimaryIndexSize=185
[2022.05.24-20.35.55:996][  0]LogPakFile: PakFile PathHashIndexSize=101
[2022.05.24-20.35.55:996][  0]LogPakFile: PakFile FullDirectoryIndexSize=148
[2022.05.24-20.35.55:996][  0]LogShaderLibrary: Display: ShaderCodeLibraryPakFileMountedCallback: PakFile 'D:/EpicGames/UE_4.27/FeaturePacks/StarterContent.upack' (chunk index -1, root 'root:/') mounted
[2022.05.24-20.35.55:996][  0]LogShaderLibrary: Display: ShaderCodeLibraryPakFileMountedCallback: pending pak file info (ChunkID:-1 Root:root:/ File:D:/EpicGames/UE_4.27/FeaturePacks/StarterContent.upack)
[2022.05.24-20.35.55:997][  0]LogPakFile: OnPakFileMounted2Time == 0.000039
[2022.05.24-20.35.55:997][  0]LogPakFile: PakFile PrimaryIndexSize=190
[2022.05.24-20.35.55:997][  0]LogPakFile: PakFile PathHashIndexSize=101
[2022.05.24-20.35.55:997][  0]LogPakFile: PakFile FullDirectoryIndexSize=154
[2022.05.24-20.35.55:997][  0]LogShaderLibrary: Display: ShaderCodeLibraryPakFileMountedCallback: PakFile 'D:/EpicGames/UE_4.27/FeaturePacks/TP_2DSideScroller.upack' (chunk index -1, root 'root:/') mounted
[2022.05.24-20.35.55:997][  0]LogShaderLibrary: Display: ShaderCodeLibraryPakFileMountedCallback: pending pak file info (ChunkID:-1 Root:root:/ File:D:/EpicGames/UE_4.27/FeaturePacks/TP_2DSideScroller.upack)
[2022.05.24-20.35.55:997][  0]LogPakFile: OnPakFileMounted2Time == 0.000035
[2022.05.24-20.35.55:997][  0]LogPakFile: PakFile PrimaryIndexSize=192
[2022.05.24-20.35.55:997][  0]LogPakFile: PakFile PathHashIndexSize=101
[2022.05.24-20.35.55:997][  0]LogPakFile: PakFile FullDirectoryIndexSize=158
[2022.05.24-20.35.55:997][  0]LogShaderLibrary: Display: ShaderCodeLibraryPakFileMountedCallback: PakFile 'D:/EpicGames/UE_4.27/FeaturePacks/TP_2DSideScrollerBP.upack' (chunk index -1, root 'root:/') mounted
[2022.05.24-20.35.55:997][  0]LogShaderLibrary: Display: ShaderCodeLibraryPakFileMountedCallback: pending pak file info (ChunkID:-1 Root:root:/ File:D:/EpicGames/UE_4.27/FeaturePacks/TP_2DSideScrollerBP.upack)
[2022.05.24-20.35.55:997][  0]LogPakFile: OnPakFileMounted2Time == 0.000035
[2022.05.24-20.35.55:998][  0]LogPakFile: PakFile PrimaryIndexSize=182
[2022.05.24-20.35.55:998][  0]LogPakFile: PakFile PathHashIndexSize=101
[2022.05.24-20.35.55:998][  0]LogPakFile: PakFile FullDirectoryIndexSize=138
[2022.05.24-20.35.55:998][  0]LogShaderLibrary: Display: ShaderCodeLibraryPakFileMountedCallback: PakFile 'D:/EpicGames/UE_4.27/FeaturePacks/TP_Flying.upack' (chunk index -1, root 'root:/') mounted
[2022.05.24-20.35.55:998][  0]LogShaderLibrary: Display: ShaderCodeLibraryPakFileMountedCallback: pending pak file info (ChunkID:-1 Root:root:/ File:D:/EpicGames/UE_4.27/FeaturePacks/TP_Flying.upack)
[2022.05.24-20.35.55:998][  0]LogPakFile: OnPakFileMounted2Time == 0.000036
[2022.05.24-20.35.55:998][  0]LogPakFile: PakFile PrimaryIndexSize=184
[2022.05.24-20.35.55:998][  0]LogPakFile: PakFile PathHashIndexSize=101
[2022.05.24-20.35.55:998][  0]LogPakFile: PakFile FullDirectoryIndexSize=142
[2022.05.24-20.35.55:998][  0]LogShaderLibrary: Display: ShaderCodeLibraryPakFileMountedCallback: PakFile 'D:/EpicGames/UE_4.27/FeaturePacks/TP_FlyingBP.upack' (chunk index -1, root 'root:/') mounted
[2022.05.24-20.35.55:998][  0]LogShaderLibrary: Display: ShaderCodeLibraryPakFileMountedCallback: pending pak file info (ChunkID:-1 Root:root:/ File:D:/EpicGames/UE_4.27/FeaturePacks/TP_FlyingBP.upack)
[2022.05.24-20.35.55:998][  0]LogPakFile: OnPakFileMounted2Time == 0.000034
[2022.05.24-20.35.55:999][  0]LogPakFile: PakFile PrimaryIndexSize=188
[2022.05.24-20.35.55:999][  0]LogPakFile: PakFile PathHashIndexSize=101
[2022.05.24-20.35.55:999][  0]LogPakFile: PakFile FullDirectoryIndexSize=150
[2022.05.24-20.35.55:999][  0]LogShaderLibrary: Display: ShaderCodeLibraryPakFileMountedCallback: PakFile 'D:/EpicGames/UE_4.27/FeaturePacks/TP_HandheldARBP.upack' (chunk index -1, root 'root:/') mounted
[2022.05.24-20.35.55:999][  0]LogShaderLibrary: Display: ShaderCodeLibraryPakFileMountedCallback: pending pak file info (ChunkID:-1 Root:root:/ File:D:/EpicGames/UE_4.27/FeaturePacks/TP_HandheldARBP.upack)
[2022.05.24-20.35.55:999][  0]LogPakFile: OnPakFileMounted2Time == 0.000035
[2022.05.24-20.35.55:999][  0]LogPakFile: PakFile PrimaryIndexSize=182
[2022.05.24-20.35.55:999][  0]LogPakFile: PakFile PathHashIndexSize=101
[2022.05.24-20.35.55:999][  0]LogPakFile: PakFile FullDirectoryIndexSize=138
[2022.05.24-20.35.55:999][  0]LogShaderLibrary: Display: ShaderCodeLibraryPakFileMountedCallback: PakFile 'D:/EpicGames/UE_4.27/FeaturePacks/TP_Puzzle.upack' (chunk index -1, root 'root:/') mounted
[2022.05.24-20.35.55:999][  0]LogShaderLibrary: Display: ShaderCodeLibraryPakFileMountedCallback: pending pak file info (ChunkID:-1 Root:root:/ File:D:/EpicGames/UE_4.27/FeaturePacks/TP_Puzzle.upack)
[2022.05.24-20.35.55:999][  0]LogPakFile: OnPakFileMounted2Time == 0.000041
[2022.05.24-20.35.56:000][  0]LogPakFile: PakFile PrimaryIndexSize=184
[2022.05.24-20.35.56:000][  0]LogPakFile: PakFile PathHashIndexSize=101
[2022.05.24-20.35.56:000][  0]LogPakFile: PakFile FullDirectoryIndexSize=142
[2022.05.24-20.35.56:000][  0]LogShaderLibrary: Display: ShaderCodeLibraryPakFileMountedCallback: PakFile 'D:/EpicGames/UE_4.27/FeaturePacks/TP_PuzzleBP.upack' (chunk index -1, root 'root:/') mounted
[2022.05.24-20.35.56:000][  0]LogShaderLibrary: Display: ShaderCodeLibraryPakFileMountedCallback: pending pak file info (ChunkID:-1 Root:root:/ File:D:/EpicGames/UE_4.27/FeaturePacks/TP_PuzzleBP.upack)
[2022.05.24-20.35.56:000][  0]LogPakFile: OnPakFileMounted2Time == 0.000038
[2022.05.24-20.35.56:000][  0]LogPakFile: PakFile PrimaryIndexSize=183
[2022.05.24-20.35.56:000][  0]LogPakFile: PakFile PathHashIndexSize=101
[2022.05.24-20.35.56:000][  0]LogPakFile: PakFile FullDirectoryIndexSize=140
[2022.05.24-20.35.56:000][  0]LogShaderLibrary: Display: ShaderCodeLibraryPakFileMountedCallback: PakFile 'D:/EpicGames/UE_4.27/FeaturePacks/TP_Rolling.upack' (chunk index -1, root 'root:/') mounted
[2022.05.24-20.35.56:000][  0]LogShaderLibrary: Display: ShaderCodeLibraryPakFileMountedCallback: pending pak file info (ChunkID:-1 Root:root:/ File:D:/EpicGames/UE_4.27/FeaturePacks/TP_Rolling.upack)
[2022.05.24-20.35.56:000][  0]LogPakFile: OnPakFileMounted2Time == 0.000035
[2022.05.24-20.35.56:001][  0]LogPakFile: PakFile PrimaryIndexSize=185
[2022.05.24-20.35.56:001][  0]LogPakFile: PakFile PathHashIndexSize=101
[2022.05.24-20.35.56:001][  0]LogPakFile: PakFile FullDirectoryIndexSize=144
[2022.05.24-20.35.56:001][  0]LogShaderLibrary: Display: ShaderCodeLibraryPakFileMountedCallback: PakFile 'D:/EpicGames/UE_4.27/FeaturePacks/TP_RollingBP.upack' (chunk index -1, root 'root:/') mounted
[2022.05.24-20.35.56:001][  0]LogShaderLibrary: Display: ShaderCodeLibraryPakFileMountedCallback: pending pak file info (ChunkID:-1 Root:root:/ File:D:/EpicGames/UE_4.27/FeaturePacks/TP_RollingBP.upack)
[2022.05.24-20.35.56:001][  0]LogPakFile: OnPakFileMounted2Time == 0.000037
[2022.05.24-20.35.56:001][  0]LogPakFile: PakFile PrimaryIndexSize=188
[2022.05.24-20.35.56:001][  0]LogPakFile: PakFile PathHashIndexSize=101
[2022.05.24-20.35.56:001][  0]LogPakFile: PakFile FullDirectoryIndexSize=150
[2022.05.24-20.35.56:001][  0]LogShaderLibrary: Display: ShaderCodeLibraryPakFileMountedCallback: PakFile 'D:/EpicGames/UE_4.27/FeaturePacks/TP_SideScroller.upack' (chunk index -1, root 'root:/') mounted
[2022.05.24-20.35.56:001][  0]LogShaderLibrary: Display: ShaderCodeLibraryPakFileMountedCallback: pending pak file info (ChunkID:-1 Root:root:/ File:D:/EpicGames/UE_4.27/FeaturePacks/TP_SideScroller.upack)
[2022.05.24-20.35.56:001][  0]LogPakFile: OnPakFileMounted2Time == 0.000044
[2022.05.24-20.35.56:002][  0]LogPakFile: PakFile PrimaryIndexSize=190
[2022.05.24-20.35.56:002][  0]LogPakFile: PakFile PathHashIndexSize=101
[2022.05.24-20.35.56:002][  0]LogPakFile: PakFile FullDirectoryIndexSize=154
[2022.05.24-20.35.56:002][  0]LogShaderLibrary: Display: ShaderCodeLibraryPakFileMountedCallback: PakFile 'D:/EpicGames/UE_4.27/FeaturePacks/TP_SideScrollerBP.upack' (chunk index -1, root 'root:/') mounted
[2022.05.24-20.35.56:002][  0]LogShaderLibrary: Display: ShaderCodeLibraryPakFileMountedCallback: pending pak file info (ChunkID:-1 Root:root:/ File:D:/EpicGames/UE_4.27/FeaturePacks/TP_SideScrollerBP.upack)
[2022.05.24-20.35.56:002][  0]LogPakFile: OnPakFileMounted2Time == 0.000035
[2022.05.24-20.35.56:002][  0]LogPakFile: PakFile PrimaryIndexSize=187
[2022.05.24-20.35.56:002][  0]LogPakFile: PakFile PathHashIndexSize=101
[2022.05.24-20.35.56:002][  0]LogPakFile: PakFile FullDirectoryIndexSize=148
[2022.05.24-20.35.56:002][  0]LogShaderLibrary: Display: ShaderCodeLibraryPakFileMountedCallback: PakFile 'D:/EpicGames/UE_4.27/FeaturePacks/TP_ThirdPerson.upack' (chunk index -1, root 'root:/') mounted
[2022.05.24-20.35.56:002][  0]LogShaderLibrary: Display: ShaderCodeLibraryPakFileMountedCallback: pending pak file info (ChunkID:-1 Root:root:/ File:D:/EpicGames/UE_4.27/FeaturePacks/TP_ThirdPerson.upack)
[2022.05.24-20.35.56:002][  0]LogPakFile: OnPakFileMounted2Time == 0.000039
[2022.05.24-20.35.56:002][  0]LogPakFile: PakFile PrimaryIndexSize=189
[2022.05.24-20.35.56:003][  0]LogPakFile: PakFile PathHashIndexSize=101
[2022.05.24-20.35.56:003][  0]LogPakFile: PakFile FullDirectoryIndexSize=152
[2022.05.24-20.35.56:003][  0]LogShaderLibrary: Display: ShaderCodeLibraryPakFileMountedCallback: PakFile 'D:/EpicGames/UE_4.27/FeaturePacks/TP_ThirdPersonBP.upack' (chunk index -1, root 'root:/') mounted
[2022.05.24-20.35.56:003][  0]LogShaderLibrary: Display: ShaderCodeLibraryPakFileMountedCallback: pending pak file info (ChunkID:-1 Root:root:/ File:D:/EpicGames/UE_4.27/FeaturePacks/TP_ThirdPersonBP.upack)
[2022.05.24-20.35.56:003][  0]LogPakFile: OnPakFileMounted2Time == 0.000035
[2022.05.24-20.35.56:003][  0]LogPakFile: PakFile PrimaryIndexSize=183
[2022.05.24-20.35.56:003][  0]LogPakFile: PakFile PathHashIndexSize=101
[2022.05.24-20.35.56:003][  0]LogPakFile: PakFile FullDirectoryIndexSize=140
[2022.05.24-20.35.56:003][  0]LogShaderLibrary: Display: ShaderCodeLibraryPakFileMountedCallback: PakFile 'D:/EpicGames/UE_4.27/FeaturePacks/TP_TopDown.upack' (chunk index -1, root 'root:/') mounted
[2022.05.24-20.35.56:003][  0]LogShaderLibrary: Display: ShaderCodeLibraryPakFileMountedCallback: pending pak file info (ChunkID:-1 Root:root:/ File:D:/EpicGames/UE_4.27/FeaturePacks/TP_TopDown.upack)
[2022.05.24-20.35.56:003][  0]LogPakFile: OnPakFileMounted2Time == 0.000040
[2022.05.24-20.35.56:003][  0]LogPakFile: PakFile PrimaryIndexSize=185
[2022.05.24-20.35.56:003][  0]LogPakFile: PakFile PathHashIndexSize=101
[2022.05.24-20.35.56:003][  0]LogPakFile: PakFile FullDirectoryIndexSize=144
[2022.05.24-20.35.56:003][  0]LogShaderLibrary: Display: ShaderCodeLibraryPakFileMountedCallback: PakFile 'D:/EpicGames/UE_4.27/FeaturePacks/TP_TopDownBP.upack' (chunk index -1, root 'root:/') mounted
[2022.05.24-20.35.56:003][  0]LogShaderLibrary: Display: ShaderCodeLibraryPakFileMountedCallback: pending pak file info (ChunkID:-1 Root:root:/ File:D:/EpicGames/UE_4.27/FeaturePacks/TP_TopDownBP.upack)
[2022.05.24-20.35.56:003][  0]LogPakFile: OnPakFileMounted2Time == 0.000037
[2022.05.24-20.35.56:004][  0]LogPakFile: PakFile PrimaryIndexSize=185
[2022.05.24-20.35.56:004][  0]LogPakFile: PakFile PathHashIndexSize=101
[2022.05.24-20.35.56:004][  0]LogPakFile: PakFile FullDirectoryIndexSize=144
[2022.05.24-20.35.56:004][  0]LogShaderLibrary: Display: ShaderCodeLibraryPakFileMountedCallback: PakFile 'D:/EpicGames/UE_4.27/FeaturePacks/TP_TwinStick.upack' (chunk index -1, root 'root:/') mounted
[2022.05.24-20.35.56:004][  0]LogShaderLibrary: Display: ShaderCodeLibraryPakFileMountedCallback: pending pak file info (ChunkID:-1 Root:root:/ File:D:/EpicGames/UE_4.27/FeaturePacks/TP_TwinStick.upack)
[2022.05.24-20.35.56:004][  0]LogPakFile: OnPakFileMounted2Time == 0.000035
[2022.05.24-20.35.56:004][  0]LogPakFile: PakFile PrimaryIndexSize=187
[2022.05.24-20.35.56:004][  0]LogPakFile: PakFile PathHashIndexSize=101
[2022.05.24-20.35.56:004][  0]LogPakFile: PakFile FullDirectoryIndexSize=148
[2022.05.24-20.35.56:004][  0]LogShaderLibrary: Display: ShaderCodeLibraryPakFileMountedCallback: PakFile 'D:/EpicGames/UE_4.27/FeaturePacks/TP_TwinStickBP.upack' (chunk index -1, root 'root:/') mounted
[2022.05.24-20.35.56:004][  0]LogShaderLibrary: Display: ShaderCodeLibraryPakFileMountedCallback: pending pak file info (ChunkID:-1 Root:root:/ File:D:/EpicGames/UE_4.27/FeaturePacks/TP_TwinStickBP.upack)
[2022.05.24-20.35.56:004][  0]LogPakFile: OnPakFileMounted2Time == 0.000037
[2022.05.24-20.35.56:005][  0]LogPakFile: PakFile PrimaryIndexSize=183
[2022.05.24-20.35.56:005][  0]LogPakFile: PakFile PathHashIndexSize=101
[2022.05.24-20.35.56:005][  0]LogPakFile: PakFile FullDirectoryIndexSize=140
[2022.05.24-20.35.56:005][  0]LogShaderLibrary: Display: ShaderCodeLibraryPakFileMountedCallback: PakFile 'D:/EpicGames/UE_4.27/FeaturePacks/TP_Vehicle.upack' (chunk index -1, root 'root:/') mounted
[2022.05.24-20.35.56:005][  0]LogShaderLibrary: Display: ShaderCodeLibraryPakFileMountedCallback: pending pak file info (ChunkID:-1 Root:root:/ File:D:/EpicGames/UE_4.27/FeaturePacks/TP_Vehicle.upack)
[2022.05.24-20.35.56:005][  0]LogPakFile: OnPakFileMounted2Time == 0.000039
[2022.05.24-20.35.56:005][  0]LogPakFile: PakFile PrimaryIndexSize=186
[2022.05.24-20.35.56:005][  0]LogPakFile: PakFile PathHashIndexSize=101
[2022.05.24-20.35.56:005][  0]LogPakFile: PakFile FullDirectoryIndexSize=146
[2022.05.24-20.35.56:005][  0]LogShaderLibrary: Display: ShaderCodeLibraryPakFileMountedCallback: PakFile 'D:/EpicGames/UE_4.27/FeaturePacks/TP_VehicleAdv.upack' (chunk index -1, root 'root:/') mounted
[2022.05.24-20.35.56:005][  0]LogShaderLibrary: Display: ShaderCodeLibraryPakFileMountedCallback: pending pak file info (ChunkID:-1 Root:root:/ File:D:/EpicGames/UE_4.27/FeaturePacks/TP_VehicleAdv.upack)
[2022.05.24-20.35.56:005][  0]LogPakFile: OnPakFileMounted2Time == 0.000035
[2022.05.24-20.35.56:006][  0]LogPakFile: PakFile PrimaryIndexSize=188
[2022.05.24-20.35.56:006][  0]LogPakFile: PakFile PathHashIndexSize=101
[2022.05.24-20.35.56:006][  0]LogPakFile: PakFile FullDirectoryIndexSize=150
[2022.05.24-20.35.56:006][  0]LogShaderLibrary: Display: ShaderCodeLibraryPakFileMountedCallback: PakFile 'D:/EpicGames/UE_4.27/FeaturePacks/TP_VehicleAdvBP.upack' (chunk index -1, root 'root:/') mounted
[2022.05.24-20.35.56:006][  0]LogShaderLibrary: Display: ShaderCodeLibraryPakFileMountedCallback: pending pak file info (ChunkID:-1 Root:root:/ File:D:/EpicGames/UE_4.27/FeaturePacks/TP_VehicleAdvBP.upack)
[2022.05.24-20.35.56:006][  0]LogPakFile: OnPakFileMounted2Time == 0.000037
[2022.05.24-20.35.56:006][  0]LogPakFile: PakFile PrimaryIndexSize=185
[2022.05.24-20.35.56:006][  0]LogPakFile: PakFile PathHashIndexSize=101
[2022.05.24-20.35.56:006][  0]LogPakFile: PakFile FullDirectoryIndexSize=144
[2022.05.24-20.35.56:006][  0]LogShaderLibrary: Display: ShaderCodeLibraryPakFileMountedCallback: PakFile 'D:/EpicGames/UE_4.27/FeaturePacks/TP_VehicleBP.upack' (chunk index -1, root 'root:/') mounted
[2022.05.24-20.35.56:006][  0]LogShaderLibrary: Display: ShaderCodeLibraryPakFileMountedCallback: pending pak file info (ChunkID:-1 Root:root:/ File:D:/EpicGames/UE_4.27/FeaturePacks/TP_VehicleBP.upack)
[2022.05.24-20.35.56:006][  0]LogPakFile: OnPakFileMounted2Time == 0.000035
[2022.05.24-20.35.56:007][  0]LogPakFile: PakFile PrimaryIndexSize=192
[2022.05.24-20.35.56:007][  0]LogPakFile: PakFile PathHashIndexSize=101
[2022.05.24-20.35.56:007][  0]LogPakFile: PakFile FullDirectoryIndexSize=158
[2022.05.24-20.35.56:007][  0]LogShaderLibrary: Display: ShaderCodeLibraryPakFileMountedCallback: PakFile 'D:/EpicGames/UE_4.27/FeaturePacks/TP_VirtualRealityBP.upack' (chunk index -1, root 'root:/') mounted
[2022.05.24-20.35.56:007][  0]LogShaderLibrary: Display: ShaderCodeLibraryPakFileMountedCallback: pending pak file info (ChunkID:-1 Root:root:/ File:D:/EpicGames/UE_4.27/FeaturePacks/TP_VirtualRealityBP.upack)
[2022.05.24-20.35.56:007][  0]LogPakFile: OnPakFileMounted2Time == 0.000034
[2022.05.24-20.35.56:924][  0]LogNativeClassHierarchy: Verbose: Native class hierarchy updated for 'AddContentDialog' in 0.0002 seconds. Added 0 classes and 0 folders.
[2022.05.24-20.35.56:939][  0]LogNativeClassHierarchy: Verbose: Native class hierarchy updated for 'SceneOutliner' in 0.0002 seconds. Added 2 classes and 0 folders.
[2022.05.24-20.35.57:307][  0]LogSlate: Took 0.024164 seconds to synchronously load lazily loaded font '../../../Engine/Content/Editor/Slate/Fonts/FontAwesome.ttf' (139K)
[2022.05.24-20.35.57:392][  0]LogSlate: Took 0.039175 seconds to synchronously load lazily loaded font '../../../Engine/Content/Slate/Fonts/Roboto-Bold.ttf' (160K)
[2022.05.24-20.35.57:496][  0]LogRenderer: Reallocating scene render targets to support 1144x396 Format 10 NumSamples 1 (Frame:1).
[2022.05.24-20.35.57:914][  0]LogSlate: Took 0.010246 seconds to synchronously load lazily loaded font '../../../Engine/Content/Slate/Fonts/Roboto-Light.ttf' (167K)
[2022.05.24-20.35.57:994][  0]LogNativeClassHierarchy: Verbose: Native class hierarchy updated for 'HierarchicalLODOutliner' in 0.0002 seconds. Added 0 classes and 0 folders.
[2022.05.24-20.35.57:994][  0]LogLoad: (Engine Initialization) Total time: 70.11 seconds
[2022.05.24-20.35.57:994][  0]LogLoad: (Engine Initialization) Total Blueprint compile time: 0.00 seconds
[2022.05.24-20.35.58:045][  0]LogAssetRegistry: Asset discovery search completed in 54.7791 seconds
[2022.05.24-20.35.58:127][  0]LogCollectionManager: Fixed up redirectors for 0 collections in 0.000003 seconds (updated 0 objects)
[2022.05.24-20.35.58:127][  0]LogContentStreaming: Texture pool size now 1000 MB
[2022.05.24-20.36.05:502][766]LogSlate: Only BGRA pngs, bmps or icos are supported in by External Image Picker
[2022.05.24-20.36.42:883][459]LogSlate: Window 'Project Settings' being destroyed
[2022.05.24-20.36.42:883][459]LogSlate: Window 'Project Settings' being destroyed
[2022.05.24-20.36.42:947][459]LogUObjectHash: Compacting FUObjectHashTables data took   0.47ms
[2022.05.24-20.36.42:965][459]LogSlate: Window 'WLBDevEnv - Unreal Editor' being destroyed
[2022.05.24-20.36.43:037][460]Cmd: QUIT_EDITOR
[2022.05.24-20.36.43:037][460]LogCore: Engine exit requested (reason: UUnrealEdEngine::CloseEditor())
[2022.05.24-20.36.43:039][460]LogCore: Engine exit requested (reason: EngineExit() was called; note: exit was already requested)
[2022.05.24-20.36.43:041][460]LogAudio: Display: Beginning Audio Device Manager Shutdown (Module: AudioMixerXAudio2)...
[2022.05.24-20.36.43:041][460]LogAudio: Display: Destroying 1 Remaining Audio Device(s)...
[2022.05.24-20.36.43:041][460]LogAudio: Display: Audio Device unregistered from world 'FirstPersonExampleMap'.
[2022.05.24-20.36.43:041][460]LogAudioMixer: FMixerPlatformXAudio2::StopAudioStream() called
[2022.05.24-20.36.43:042][460]LogAudioMixer: FMixerPlatformXAudio2::StopAudioStream() called
[2022.05.24-20.36.43:044][460]LogAudio: Display: Audio Device Manager Shutdown
[2022.05.24-20.36.43:044][460]LogWindowsTextInputMethodSystem: Display: IME system deactivated.
[2022.05.24-20.36.43:046][460]LogExit: Preparing to exit.
[2022.05.24-20.36.43:053][460]LogUObjectHash: Compacting FUObjectHashTables data took   0.58ms
